ARM GAS  /var/folders/g1/j12m_ky910s3_sv7d4yrsdn00000gn/T//cc521DKP.s 			page 1


   1              		.cpu cortex-m7
   2              		.arch armv7e-m
   3              		.fpu fpv5-d16
   4              		.eabi_attribute 28, 1
   5              		.eabi_attribute 20, 1
   6              		.eabi_attribute 21, 1
   7              		.eabi_attribute 23, 3
   8              		.eabi_attribute 24, 1
   9              		.eabi_attribute 25, 1
  10              		.eabi_attribute 26, 1
  11              		.eabi_attribute 30, 6
  12              		.eabi_attribute 34, 1
  13              		.eabi_attribute 18, 4
  14              		.file	"stm32h7xx_hal_hsem.c"
  15              		.text
  16              	.Ltext0:
  17              		.cfi_sections	.debug_frame
  18              		.file 1 "Drivers/STM32H7xx_HAL_Driver/Src/stm32h7xx_hal_hsem.c"
  19              		.section	.text.HAL_HSEM_Take,"ax",%progbits
  20              		.align	1
  21              		.global	HAL_HSEM_Take
  22              		.syntax unified
  23              		.thumb
  24              		.thumb_func
  26              	HAL_HSEM_Take:
  27              	.LFB144:
   1:Drivers/STM32H7xx_HAL_Driver/Src/stm32h7xx_hal_hsem.c **** /**
   2:Drivers/STM32H7xx_HAL_Driver/Src/stm32h7xx_hal_hsem.c ****   ******************************************************************************
   3:Drivers/STM32H7xx_HAL_Driver/Src/stm32h7xx_hal_hsem.c ****   * @file    stm32h7xx_hal_hsem.c
   4:Drivers/STM32H7xx_HAL_Driver/Src/stm32h7xx_hal_hsem.c ****   * @author  MCD Application Team
   5:Drivers/STM32H7xx_HAL_Driver/Src/stm32h7xx_hal_hsem.c ****   * @brief   HSEM HAL module driver.
   6:Drivers/STM32H7xx_HAL_Driver/Src/stm32h7xx_hal_hsem.c ****   *          This file provides firmware functions to manage the following
   7:Drivers/STM32H7xx_HAL_Driver/Src/stm32h7xx_hal_hsem.c ****   *          functionalities of the semaphore peripheral:
   8:Drivers/STM32H7xx_HAL_Driver/Src/stm32h7xx_hal_hsem.c ****   *           + Semaphore Take function (2-Step Procedure) , non blocking
   9:Drivers/STM32H7xx_HAL_Driver/Src/stm32h7xx_hal_hsem.c ****   *           + Semaphore FastTake function (1-Step Procedure) , non blocking
  10:Drivers/STM32H7xx_HAL_Driver/Src/stm32h7xx_hal_hsem.c ****   *           + Semaphore Status check
  11:Drivers/STM32H7xx_HAL_Driver/Src/stm32h7xx_hal_hsem.c ****   *           + Semaphore Clear Key Set and Get
  12:Drivers/STM32H7xx_HAL_Driver/Src/stm32h7xx_hal_hsem.c ****   *           + Release and release all functions
  13:Drivers/STM32H7xx_HAL_Driver/Src/stm32h7xx_hal_hsem.c ****   *           + Semaphore notification enabling and disabling and callnack functions
  14:Drivers/STM32H7xx_HAL_Driver/Src/stm32h7xx_hal_hsem.c ****   *           + IRQ handler management
  15:Drivers/STM32H7xx_HAL_Driver/Src/stm32h7xx_hal_hsem.c ****   *
  16:Drivers/STM32H7xx_HAL_Driver/Src/stm32h7xx_hal_hsem.c ****   *
  17:Drivers/STM32H7xx_HAL_Driver/Src/stm32h7xx_hal_hsem.c ****   ******************************************************************************
  18:Drivers/STM32H7xx_HAL_Driver/Src/stm32h7xx_hal_hsem.c ****   * @attention
  19:Drivers/STM32H7xx_HAL_Driver/Src/stm32h7xx_hal_hsem.c ****   *
  20:Drivers/STM32H7xx_HAL_Driver/Src/stm32h7xx_hal_hsem.c ****   * Copyright (c) 2017 STMicroelectronics.
  21:Drivers/STM32H7xx_HAL_Driver/Src/stm32h7xx_hal_hsem.c ****   * All rights reserved.
  22:Drivers/STM32H7xx_HAL_Driver/Src/stm32h7xx_hal_hsem.c ****   *
  23:Drivers/STM32H7xx_HAL_Driver/Src/stm32h7xx_hal_hsem.c ****   * This software is licensed under terms that can be found in the LICENSE file
  24:Drivers/STM32H7xx_HAL_Driver/Src/stm32h7xx_hal_hsem.c ****   * in the root directory of this software component.
  25:Drivers/STM32H7xx_HAL_Driver/Src/stm32h7xx_hal_hsem.c ****   * If no LICENSE file comes with this software, it is provided AS-IS.
  26:Drivers/STM32H7xx_HAL_Driver/Src/stm32h7xx_hal_hsem.c ****   *
  27:Drivers/STM32H7xx_HAL_Driver/Src/stm32h7xx_hal_hsem.c ****   ******************************************************************************
  28:Drivers/STM32H7xx_HAL_Driver/Src/stm32h7xx_hal_hsem.c ****   @verbatim
  29:Drivers/STM32H7xx_HAL_Driver/Src/stm32h7xx_hal_hsem.c ****   ==============================================================================
  30:Drivers/STM32H7xx_HAL_Driver/Src/stm32h7xx_hal_hsem.c ****                      ##### How to use this driver #####
  31:Drivers/STM32H7xx_HAL_Driver/Src/stm32h7xx_hal_hsem.c ****   ==============================================================================
ARM GAS  /var/folders/g1/j12m_ky910s3_sv7d4yrsdn00000gn/T//cc521DKP.s 			page 2


  32:Drivers/STM32H7xx_HAL_Driver/Src/stm32h7xx_hal_hsem.c ****   [..]
  33:Drivers/STM32H7xx_HAL_Driver/Src/stm32h7xx_hal_hsem.c ****       (#)Take a semaphore In 2-Step mode Using function HAL_HSEM_Take. This function takes as param
  34:Drivers/STM32H7xx_HAL_Driver/Src/stm32h7xx_hal_hsem.c ****            (++) the semaphore ID from 0 to 31
  35:Drivers/STM32H7xx_HAL_Driver/Src/stm32h7xx_hal_hsem.c ****            (++) the process ID from 0 to 255
  36:Drivers/STM32H7xx_HAL_Driver/Src/stm32h7xx_hal_hsem.c ****       (#) Fast Take semaphore In 1-Step mode Using function HAL_HSEM_FastTake. This function takes 
  37:Drivers/STM32H7xx_HAL_Driver/Src/stm32h7xx_hal_hsem.c ****            (++) the semaphore ID from 0_ID to 31. Note that the process ID value is implicitly assu
  38:Drivers/STM32H7xx_HAL_Driver/Src/stm32h7xx_hal_hsem.c ****       (#) Check if a semaphore is Taken using function HAL_HSEM_IsSemTaken. This function takes as 
  39:Drivers/STM32H7xx_HAL_Driver/Src/stm32h7xx_hal_hsem.c ****           (++) the semaphore ID from 0_ID to 31
  40:Drivers/STM32H7xx_HAL_Driver/Src/stm32h7xx_hal_hsem.c ****           (++) It returns 1 if the given semaphore is taken otherwise (Free) zero
  41:Drivers/STM32H7xx_HAL_Driver/Src/stm32h7xx_hal_hsem.c ****       (#)Release a semaphore using function with HAL_HSEM_Release. This function takes as parameter
  42:Drivers/STM32H7xx_HAL_Driver/Src/stm32h7xx_hal_hsem.c ****            (++) the semaphore ID from 0 to 31
  43:Drivers/STM32H7xx_HAL_Driver/Src/stm32h7xx_hal_hsem.c ****            (++) the process ID from 0 to 255:
  44:Drivers/STM32H7xx_HAL_Driver/Src/stm32h7xx_hal_hsem.c ****            (++) Note: If ProcessID and MasterID match, semaphore is freed, and an interrupt
  45:Drivers/STM32H7xx_HAL_Driver/Src/stm32h7xx_hal_hsem.c ****          may be generated when enabled (notification activated). If ProcessID or MasterID does not 
  46:Drivers/STM32H7xx_HAL_Driver/Src/stm32h7xx_hal_hsem.c ****          semaphore remains taken (locked)
  47:Drivers/STM32H7xx_HAL_Driver/Src/stm32h7xx_hal_hsem.c **** 
  48:Drivers/STM32H7xx_HAL_Driver/Src/stm32h7xx_hal_hsem.c ****       (#)Release all semaphores at once taken by a given Master using function HAL_HSEM_Release_All
  49:Drivers/STM32H7xx_HAL_Driver/Src/stm32h7xx_hal_hsem.c ****           This function takes as parameters :
  50:Drivers/STM32H7xx_HAL_Driver/Src/stm32h7xx_hal_hsem.c ****            (++) the Release Key (value from 0 to 0xFFFF) can be Set or Get respectively by
  51:Drivers/STM32H7xx_HAL_Driver/Src/stm32h7xx_hal_hsem.c ****               HAL_HSEM_SetClearKey() or HAL_HSEM_GetClearKey functions
  52:Drivers/STM32H7xx_HAL_Driver/Src/stm32h7xx_hal_hsem.c ****            (++) the Master ID:
  53:Drivers/STM32H7xx_HAL_Driver/Src/stm32h7xx_hal_hsem.c ****            (++) Note: If the Key and MasterID match, all semaphores taken by the given CPU that cor
  54:Drivers/STM32H7xx_HAL_Driver/Src/stm32h7xx_hal_hsem.c ****            to MasterID  will be freed, and an interrupt may be generated when enabled (notification
  55:Drivers/STM32H7xx_HAL_Driver/Src/stm32h7xx_hal_hsem.c ****            Key or the MasterID doesn't match, semaphores remains taken (locked)
  56:Drivers/STM32H7xx_HAL_Driver/Src/stm32h7xx_hal_hsem.c **** 
  57:Drivers/STM32H7xx_HAL_Driver/Src/stm32h7xx_hal_hsem.c ****       (#)Semaphores Release all key functions:
  58:Drivers/STM32H7xx_HAL_Driver/Src/stm32h7xx_hal_hsem.c ****          (++)  HAL_HSEM_SetClearKey() to set semaphore release all Key
  59:Drivers/STM32H7xx_HAL_Driver/Src/stm32h7xx_hal_hsem.c ****          (++)  HAL_HSEM_GetClearKey() to get release all Key
  60:Drivers/STM32H7xx_HAL_Driver/Src/stm32h7xx_hal_hsem.c ****       (#)Semaphores notification functions :
  61:Drivers/STM32H7xx_HAL_Driver/Src/stm32h7xx_hal_hsem.c ****          (++)  HAL_HSEM_ActivateNotification to activate a notification callback on
  62:Drivers/STM32H7xx_HAL_Driver/Src/stm32h7xx_hal_hsem.c ****                a given semaphores Mask (bitfield). When one or more semaphores defined by the mask 
  63:Drivers/STM32H7xx_HAL_Driver/Src/stm32h7xx_hal_hsem.c ****                the callback HAL_HSEM_FreeCallback will be asserted giving as parameters a mask of t
  64:Drivers/STM32H7xx_HAL_Driver/Src/stm32h7xx_hal_hsem.c ****                semaphores (bitfield).
  65:Drivers/STM32H7xx_HAL_Driver/Src/stm32h7xx_hal_hsem.c **** 
  66:Drivers/STM32H7xx_HAL_Driver/Src/stm32h7xx_hal_hsem.c ****          (++)  HAL_HSEM_DeactivateNotification to deactivate the notification of a given semaphores
  67:Drivers/STM32H7xx_HAL_Driver/Src/stm32h7xx_hal_hsem.c ****          (++) See the description of the macro __HAL_HSEM_SEMID_TO_MASK to check how to calculate a
  68:Drivers/STM32H7xx_HAL_Driver/Src/stm32h7xx_hal_hsem.c ****                 Used by the notification functions
  69:Drivers/STM32H7xx_HAL_Driver/Src/stm32h7xx_hal_hsem.c ****      *** HSEM HAL driver macros list ***
  70:Drivers/STM32H7xx_HAL_Driver/Src/stm32h7xx_hal_hsem.c ****      =============================================
  71:Drivers/STM32H7xx_HAL_Driver/Src/stm32h7xx_hal_hsem.c ****      [..] Below the list of most used macros in HSEM HAL driver.
  72:Drivers/STM32H7xx_HAL_Driver/Src/stm32h7xx_hal_hsem.c **** 
  73:Drivers/STM32H7xx_HAL_Driver/Src/stm32h7xx_hal_hsem.c ****       (+) __HAL_HSEM_SEMID_TO_MASK: Helper macro to convert a Semaphore ID to a Mask.
  74:Drivers/STM32H7xx_HAL_Driver/Src/stm32h7xx_hal_hsem.c ****       [..] Example of use :
  75:Drivers/STM32H7xx_HAL_Driver/Src/stm32h7xx_hal_hsem.c ****       [..] mask = __HAL_HSEM_SEMID_TO_MASK(8)  |  __HAL_HSEM_SEMID_TO_MASK(21) | __HAL_HSEM_SEMID_T
  76:Drivers/STM32H7xx_HAL_Driver/Src/stm32h7xx_hal_hsem.c ****       [..] All next macros take as parameter a semaphore Mask (bitfiled) that can be constructed us
  77:Drivers/STM32H7xx_HAL_Driver/Src/stm32h7xx_hal_hsem.c ****       (+) __HAL_HSEM_ENABLE_IT: Enable the specified semaphores Mask interrupts.
  78:Drivers/STM32H7xx_HAL_Driver/Src/stm32h7xx_hal_hsem.c ****       (+) __HAL_HSEM_DISABLE_IT: Disable the specified semaphores Mask interrupts.
  79:Drivers/STM32H7xx_HAL_Driver/Src/stm32h7xx_hal_hsem.c ****       (+) __HAL_HSEM_GET_IT: Checks whether the specified semaphore interrupt has occurred or not.
  80:Drivers/STM32H7xx_HAL_Driver/Src/stm32h7xx_hal_hsem.c ****       (+) __HAL_HSEM_GET_FLAG: Get the semaphores status release flags.
  81:Drivers/STM32H7xx_HAL_Driver/Src/stm32h7xx_hal_hsem.c ****       (+) __HAL_HSEM_CLEAR_FLAG: Clear the semaphores status release flags.
  82:Drivers/STM32H7xx_HAL_Driver/Src/stm32h7xx_hal_hsem.c **** 
  83:Drivers/STM32H7xx_HAL_Driver/Src/stm32h7xx_hal_hsem.c ****   @endverbatim
  84:Drivers/STM32H7xx_HAL_Driver/Src/stm32h7xx_hal_hsem.c ****   ******************************************************************************
  85:Drivers/STM32H7xx_HAL_Driver/Src/stm32h7xx_hal_hsem.c ****   */
  86:Drivers/STM32H7xx_HAL_Driver/Src/stm32h7xx_hal_hsem.c **** 
  87:Drivers/STM32H7xx_HAL_Driver/Src/stm32h7xx_hal_hsem.c **** /* Includes ------------------------------------------------------------------*/
  88:Drivers/STM32H7xx_HAL_Driver/Src/stm32h7xx_hal_hsem.c **** #include "stm32h7xx_hal.h"
ARM GAS  /var/folders/g1/j12m_ky910s3_sv7d4yrsdn00000gn/T//cc521DKP.s 			page 3


  89:Drivers/STM32H7xx_HAL_Driver/Src/stm32h7xx_hal_hsem.c **** 
  90:Drivers/STM32H7xx_HAL_Driver/Src/stm32h7xx_hal_hsem.c **** /** @addtogroup STM32H7xx_HAL_Driver
  91:Drivers/STM32H7xx_HAL_Driver/Src/stm32h7xx_hal_hsem.c ****   * @{
  92:Drivers/STM32H7xx_HAL_Driver/Src/stm32h7xx_hal_hsem.c ****   */
  93:Drivers/STM32H7xx_HAL_Driver/Src/stm32h7xx_hal_hsem.c **** 
  94:Drivers/STM32H7xx_HAL_Driver/Src/stm32h7xx_hal_hsem.c **** /** @defgroup HSEM HSEM
  95:Drivers/STM32H7xx_HAL_Driver/Src/stm32h7xx_hal_hsem.c ****   * @brief HSEM HAL module driver
  96:Drivers/STM32H7xx_HAL_Driver/Src/stm32h7xx_hal_hsem.c ****   * @{
  97:Drivers/STM32H7xx_HAL_Driver/Src/stm32h7xx_hal_hsem.c ****   */
  98:Drivers/STM32H7xx_HAL_Driver/Src/stm32h7xx_hal_hsem.c **** 
  99:Drivers/STM32H7xx_HAL_Driver/Src/stm32h7xx_hal_hsem.c **** #ifdef HAL_HSEM_MODULE_ENABLED
 100:Drivers/STM32H7xx_HAL_Driver/Src/stm32h7xx_hal_hsem.c **** 
 101:Drivers/STM32H7xx_HAL_Driver/Src/stm32h7xx_hal_hsem.c **** /* Private typedef -----------------------------------------------------------*/
 102:Drivers/STM32H7xx_HAL_Driver/Src/stm32h7xx_hal_hsem.c **** /* Private define ------------------------------------------------------------*/
 103:Drivers/STM32H7xx_HAL_Driver/Src/stm32h7xx_hal_hsem.c **** #if defined(DUAL_CORE)
 104:Drivers/STM32H7xx_HAL_Driver/Src/stm32h7xx_hal_hsem.c **** /** @defgroup HSEM_Private_Constants  HSEM Private Constants
 105:Drivers/STM32H7xx_HAL_Driver/Src/stm32h7xx_hal_hsem.c ****   * @{
 106:Drivers/STM32H7xx_HAL_Driver/Src/stm32h7xx_hal_hsem.c ****   */
 107:Drivers/STM32H7xx_HAL_Driver/Src/stm32h7xx_hal_hsem.c **** 
 108:Drivers/STM32H7xx_HAL_Driver/Src/stm32h7xx_hal_hsem.c **** #ifndef HSEM_R_MASTERID
 109:Drivers/STM32H7xx_HAL_Driver/Src/stm32h7xx_hal_hsem.c **** #define HSEM_R_MASTERID HSEM_R_COREID
 110:Drivers/STM32H7xx_HAL_Driver/Src/stm32h7xx_hal_hsem.c **** #endif
 111:Drivers/STM32H7xx_HAL_Driver/Src/stm32h7xx_hal_hsem.c **** 
 112:Drivers/STM32H7xx_HAL_Driver/Src/stm32h7xx_hal_hsem.c **** #ifndef HSEM_RLR_MASTERID
 113:Drivers/STM32H7xx_HAL_Driver/Src/stm32h7xx_hal_hsem.c **** #define HSEM_RLR_MASTERID HSEM_RLR_COREID
 114:Drivers/STM32H7xx_HAL_Driver/Src/stm32h7xx_hal_hsem.c **** #endif
 115:Drivers/STM32H7xx_HAL_Driver/Src/stm32h7xx_hal_hsem.c **** 
 116:Drivers/STM32H7xx_HAL_Driver/Src/stm32h7xx_hal_hsem.c **** #ifndef HSEM_CR_MASTERID
 117:Drivers/STM32H7xx_HAL_Driver/Src/stm32h7xx_hal_hsem.c **** #define HSEM_CR_MASTERID HSEM_CR_COREID
 118:Drivers/STM32H7xx_HAL_Driver/Src/stm32h7xx_hal_hsem.c **** #endif
 119:Drivers/STM32H7xx_HAL_Driver/Src/stm32h7xx_hal_hsem.c **** 
 120:Drivers/STM32H7xx_HAL_Driver/Src/stm32h7xx_hal_hsem.c **** /**
 121:Drivers/STM32H7xx_HAL_Driver/Src/stm32h7xx_hal_hsem.c ****   * @}
 122:Drivers/STM32H7xx_HAL_Driver/Src/stm32h7xx_hal_hsem.c ****   */
 123:Drivers/STM32H7xx_HAL_Driver/Src/stm32h7xx_hal_hsem.c **** #endif /* DUAL_CORE */
 124:Drivers/STM32H7xx_HAL_Driver/Src/stm32h7xx_hal_hsem.c **** /* Private macro -------------------------------------------------------------*/
 125:Drivers/STM32H7xx_HAL_Driver/Src/stm32h7xx_hal_hsem.c **** /* Private variables ---------------------------------------------------------*/
 126:Drivers/STM32H7xx_HAL_Driver/Src/stm32h7xx_hal_hsem.c **** /* Private function prototypes -----------------------------------------------*/
 127:Drivers/STM32H7xx_HAL_Driver/Src/stm32h7xx_hal_hsem.c **** /* Private functions ---------------------------------------------------------*/
 128:Drivers/STM32H7xx_HAL_Driver/Src/stm32h7xx_hal_hsem.c **** /* Exported functions --------------------------------------------------------*/
 129:Drivers/STM32H7xx_HAL_Driver/Src/stm32h7xx_hal_hsem.c **** 
 130:Drivers/STM32H7xx_HAL_Driver/Src/stm32h7xx_hal_hsem.c **** /** @defgroup HSEM_Exported_Functions  HSEM Exported Functions
 131:Drivers/STM32H7xx_HAL_Driver/Src/stm32h7xx_hal_hsem.c ****   * @{
 132:Drivers/STM32H7xx_HAL_Driver/Src/stm32h7xx_hal_hsem.c ****   */
 133:Drivers/STM32H7xx_HAL_Driver/Src/stm32h7xx_hal_hsem.c **** 
 134:Drivers/STM32H7xx_HAL_Driver/Src/stm32h7xx_hal_hsem.c **** /** @defgroup HSEM_Exported_Functions_Group1 Take and Release functions
 135:Drivers/STM32H7xx_HAL_Driver/Src/stm32h7xx_hal_hsem.c ****   *  @brief    HSEM Take and Release functions
 136:Drivers/STM32H7xx_HAL_Driver/Src/stm32h7xx_hal_hsem.c ****   *
 137:Drivers/STM32H7xx_HAL_Driver/Src/stm32h7xx_hal_hsem.c **** @verbatim
 138:Drivers/STM32H7xx_HAL_Driver/Src/stm32h7xx_hal_hsem.c ****  ==============================================================================
 139:Drivers/STM32H7xx_HAL_Driver/Src/stm32h7xx_hal_hsem.c ****               ##### HSEM Take and Release functions #####
 140:Drivers/STM32H7xx_HAL_Driver/Src/stm32h7xx_hal_hsem.c ****  ==============================================================================
 141:Drivers/STM32H7xx_HAL_Driver/Src/stm32h7xx_hal_hsem.c **** [..] This section provides functions allowing to:
 142:Drivers/STM32H7xx_HAL_Driver/Src/stm32h7xx_hal_hsem.c ****       (+) Take a semaphore with 2 Step method
 143:Drivers/STM32H7xx_HAL_Driver/Src/stm32h7xx_hal_hsem.c ****       (+) Fast Take a semaphore with 1 Step method
 144:Drivers/STM32H7xx_HAL_Driver/Src/stm32h7xx_hal_hsem.c ****       (+) Check semaphore state Taken or not
 145:Drivers/STM32H7xx_HAL_Driver/Src/stm32h7xx_hal_hsem.c ****       (+) Release a semaphore
ARM GAS  /var/folders/g1/j12m_ky910s3_sv7d4yrsdn00000gn/T//cc521DKP.s 			page 4


 146:Drivers/STM32H7xx_HAL_Driver/Src/stm32h7xx_hal_hsem.c ****       (+) Release all semaphore at once
 147:Drivers/STM32H7xx_HAL_Driver/Src/stm32h7xx_hal_hsem.c **** 
 148:Drivers/STM32H7xx_HAL_Driver/Src/stm32h7xx_hal_hsem.c **** @endverbatim
 149:Drivers/STM32H7xx_HAL_Driver/Src/stm32h7xx_hal_hsem.c ****   * @{
 150:Drivers/STM32H7xx_HAL_Driver/Src/stm32h7xx_hal_hsem.c ****   */
 151:Drivers/STM32H7xx_HAL_Driver/Src/stm32h7xx_hal_hsem.c **** 
 152:Drivers/STM32H7xx_HAL_Driver/Src/stm32h7xx_hal_hsem.c **** 
 153:Drivers/STM32H7xx_HAL_Driver/Src/stm32h7xx_hal_hsem.c **** /**
 154:Drivers/STM32H7xx_HAL_Driver/Src/stm32h7xx_hal_hsem.c ****   * @brief  Take a semaphore in 2 Step mode.
 155:Drivers/STM32H7xx_HAL_Driver/Src/stm32h7xx_hal_hsem.c ****   * @param  SemID: semaphore ID from 0 to 31
 156:Drivers/STM32H7xx_HAL_Driver/Src/stm32h7xx_hal_hsem.c ****   * @param  ProcessID: Process ID from 0 to 255
 157:Drivers/STM32H7xx_HAL_Driver/Src/stm32h7xx_hal_hsem.c ****   * @retval HAL status
 158:Drivers/STM32H7xx_HAL_Driver/Src/stm32h7xx_hal_hsem.c ****   */
 159:Drivers/STM32H7xx_HAL_Driver/Src/stm32h7xx_hal_hsem.c **** HAL_StatusTypeDef  HAL_HSEM_Take(uint32_t SemID, uint32_t ProcessID)
 160:Drivers/STM32H7xx_HAL_Driver/Src/stm32h7xx_hal_hsem.c **** {
  28              		.loc 1 160 1
  29              		.cfi_startproc
  30              		@ args = 0, pretend = 0, frame = 8
  31              		@ frame_needed = 1, uses_anonymous_args = 0
  32              		@ link register save eliminated.
  33 0000 80B4     		push	{r7}
  34              	.LCFI0:
  35              		.cfi_def_cfa_offset 4
  36              		.cfi_offset 7, -4
  37 0002 83B0     		sub	sp, sp, #12
  38              	.LCFI1:
  39              		.cfi_def_cfa_offset 16
  40 0004 00AF     		add	r7, sp, #0
  41              	.LCFI2:
  42              		.cfi_def_cfa_register 7
  43 0006 7860     		str	r0, [r7, #4]
  44 0008 3960     		str	r1, [r7]
 161:Drivers/STM32H7xx_HAL_Driver/Src/stm32h7xx_hal_hsem.c ****   /* Check the parameters */
 162:Drivers/STM32H7xx_HAL_Driver/Src/stm32h7xx_hal_hsem.c ****   assert_param(IS_HSEM_SEMID(SemID));
 163:Drivers/STM32H7xx_HAL_Driver/Src/stm32h7xx_hal_hsem.c ****   assert_param(IS_HSEM_PROCESSID(ProcessID));
 164:Drivers/STM32H7xx_HAL_Driver/Src/stm32h7xx_hal_hsem.c **** 
 165:Drivers/STM32H7xx_HAL_Driver/Src/stm32h7xx_hal_hsem.c **** #if  USE_MULTI_CORE_SHARED_CODE != 0U
 166:Drivers/STM32H7xx_HAL_Driver/Src/stm32h7xx_hal_hsem.c ****   /* First step  write R register with MasterID, processID and take bit=1*/
 167:Drivers/STM32H7xx_HAL_Driver/Src/stm32h7xx_hal_hsem.c ****   HSEM->R[SemID] = ((ProcessID & HSEM_R_PROCID) | ((HAL_GetCurrentCPUID() << POSITION_VAL(HSEM_R_MA
 168:Drivers/STM32H7xx_HAL_Driver/Src/stm32h7xx_hal_hsem.c **** 
 169:Drivers/STM32H7xx_HAL_Driver/Src/stm32h7xx_hal_hsem.c ****   /* second step : read the R register . Take achieved if MasterID and processID match and take bit
 170:Drivers/STM32H7xx_HAL_Driver/Src/stm32h7xx_hal_hsem.c ****   if (HSEM->R[SemID] == ((ProcessID & HSEM_R_PROCID) | ((HAL_GetCurrentCPUID() << POSITION_VAL(HSEM
 171:Drivers/STM32H7xx_HAL_Driver/Src/stm32h7xx_hal_hsem.c ****   {
 172:Drivers/STM32H7xx_HAL_Driver/Src/stm32h7xx_hal_hsem.c ****     /*take success when MasterID and ProcessID match and take bit set*/
 173:Drivers/STM32H7xx_HAL_Driver/Src/stm32h7xx_hal_hsem.c ****     return HAL_OK;
 174:Drivers/STM32H7xx_HAL_Driver/Src/stm32h7xx_hal_hsem.c ****   }
 175:Drivers/STM32H7xx_HAL_Driver/Src/stm32h7xx_hal_hsem.c **** #else
 176:Drivers/STM32H7xx_HAL_Driver/Src/stm32h7xx_hal_hsem.c ****   /* First step  write R register with MasterID, processID and take bit=1*/
 177:Drivers/STM32H7xx_HAL_Driver/Src/stm32h7xx_hal_hsem.c ****   HSEM->R[SemID] = (ProcessID | HSEM_CR_COREID_CURRENT | HSEM_R_LOCK);
  45              		.loc 1 177 7
  46 000a 0C49     		ldr	r1, .L4
  47              		.loc 1 177 56
  48 000c 3A68     		ldr	r2, [r7]
  49 000e 0C4B     		ldr	r3, .L4+4
  50 0010 1343     		orrs	r3, r3, r2
  51              		.loc 1 177 18
  52 0012 7A68     		ldr	r2, [r7, #4]
ARM GAS  /var/folders/g1/j12m_ky910s3_sv7d4yrsdn00000gn/T//cc521DKP.s 			page 5


  53 0014 41F82230 		str	r3, [r1, r2, lsl #2]
 178:Drivers/STM32H7xx_HAL_Driver/Src/stm32h7xx_hal_hsem.c **** 
 179:Drivers/STM32H7xx_HAL_Driver/Src/stm32h7xx_hal_hsem.c ****   /* second step : read the R register . Take achieved if MasterID and processID match and take bit
 180:Drivers/STM32H7xx_HAL_Driver/Src/stm32h7xx_hal_hsem.c ****   if (HSEM->R[SemID] == (ProcessID | HSEM_CR_COREID_CURRENT | HSEM_R_LOCK))
  54              		.loc 1 180 11
  55 0018 084A     		ldr	r2, .L4
  56              		.loc 1 180 14
  57 001a 7B68     		ldr	r3, [r7, #4]
  58 001c 52F82320 		ldr	r2, [r2, r3, lsl #2]
  59              		.loc 1 180 61
  60 0020 3968     		ldr	r1, [r7]
  61 0022 074B     		ldr	r3, .L4+4
  62 0024 0B43     		orrs	r3, r3, r1
  63              		.loc 1 180 6
  64 0026 9A42     		cmp	r2, r3
  65 0028 01D1     		bne	.L2
 181:Drivers/STM32H7xx_HAL_Driver/Src/stm32h7xx_hal_hsem.c ****   {
 182:Drivers/STM32H7xx_HAL_Driver/Src/stm32h7xx_hal_hsem.c ****     /*take success when MasterID and ProcessID match and take bit set*/
 183:Drivers/STM32H7xx_HAL_Driver/Src/stm32h7xx_hal_hsem.c ****     return HAL_OK;
  66              		.loc 1 183 12
  67 002a 0023     		movs	r3, #0
  68 002c 00E0     		b	.L3
  69              	.L2:
 184:Drivers/STM32H7xx_HAL_Driver/Src/stm32h7xx_hal_hsem.c ****   }
 185:Drivers/STM32H7xx_HAL_Driver/Src/stm32h7xx_hal_hsem.c **** #endif
 186:Drivers/STM32H7xx_HAL_Driver/Src/stm32h7xx_hal_hsem.c **** 
 187:Drivers/STM32H7xx_HAL_Driver/Src/stm32h7xx_hal_hsem.c ****   /* Semaphore take fails*/
 188:Drivers/STM32H7xx_HAL_Driver/Src/stm32h7xx_hal_hsem.c ****   return HAL_ERROR;
  70              		.loc 1 188 10
  71 002e 0123     		movs	r3, #1
  72              	.L3:
 189:Drivers/STM32H7xx_HAL_Driver/Src/stm32h7xx_hal_hsem.c **** }
  73              		.loc 1 189 1
  74 0030 1846     		mov	r0, r3
  75 0032 0C37     		adds	r7, r7, #12
  76              	.LCFI3:
  77              		.cfi_def_cfa_offset 4
  78 0034 BD46     		mov	sp, r7
  79              	.LCFI4:
  80              		.cfi_def_cfa_register 13
  81              		@ sp needed
  82 0036 5DF8047B 		ldr	r7, [sp], #4
  83              	.LCFI5:
  84              		.cfi_restore 7
  85              		.cfi_def_cfa_offset 0
  86 003a 7047     		bx	lr
  87              	.L5:
  88              		.align	2
  89              	.L4:
  90 003c 00640258 		.word	1476551680
  91 0040 00030080 		.word	-2147482880
  92              		.cfi_endproc
  93              	.LFE144:
  95              		.section	.text.HAL_HSEM_FastTake,"ax",%progbits
  96              		.align	1
  97              		.global	HAL_HSEM_FastTake
  98              		.syntax unified
ARM GAS  /var/folders/g1/j12m_ky910s3_sv7d4yrsdn00000gn/T//cc521DKP.s 			page 6


  99              		.thumb
 100              		.thumb_func
 102              	HAL_HSEM_FastTake:
 103              	.LFB145:
 190:Drivers/STM32H7xx_HAL_Driver/Src/stm32h7xx_hal_hsem.c **** 
 191:Drivers/STM32H7xx_HAL_Driver/Src/stm32h7xx_hal_hsem.c **** /**
 192:Drivers/STM32H7xx_HAL_Driver/Src/stm32h7xx_hal_hsem.c ****   * @brief  Fast Take a semaphore with 1 Step mode.
 193:Drivers/STM32H7xx_HAL_Driver/Src/stm32h7xx_hal_hsem.c ****   * @param  SemID: semaphore ID from 0 to 31
 194:Drivers/STM32H7xx_HAL_Driver/Src/stm32h7xx_hal_hsem.c ****   * @retval HAL status
 195:Drivers/STM32H7xx_HAL_Driver/Src/stm32h7xx_hal_hsem.c ****   */
 196:Drivers/STM32H7xx_HAL_Driver/Src/stm32h7xx_hal_hsem.c **** HAL_StatusTypeDef HAL_HSEM_FastTake(uint32_t SemID)
 197:Drivers/STM32H7xx_HAL_Driver/Src/stm32h7xx_hal_hsem.c **** {
 104              		.loc 1 197 1
 105              		.cfi_startproc
 106              		@ args = 0, pretend = 0, frame = 8
 107              		@ frame_needed = 1, uses_anonymous_args = 0
 108              		@ link register save eliminated.
 109 0000 80B4     		push	{r7}
 110              	.LCFI6:
 111              		.cfi_def_cfa_offset 4
 112              		.cfi_offset 7, -4
 113 0002 83B0     		sub	sp, sp, #12
 114              	.LCFI7:
 115              		.cfi_def_cfa_offset 16
 116 0004 00AF     		add	r7, sp, #0
 117              	.LCFI8:
 118              		.cfi_def_cfa_register 7
 119 0006 7860     		str	r0, [r7, #4]
 198:Drivers/STM32H7xx_HAL_Driver/Src/stm32h7xx_hal_hsem.c ****   /* Check the parameters */
 199:Drivers/STM32H7xx_HAL_Driver/Src/stm32h7xx_hal_hsem.c ****   assert_param(IS_HSEM_SEMID(SemID));
 200:Drivers/STM32H7xx_HAL_Driver/Src/stm32h7xx_hal_hsem.c **** 
 201:Drivers/STM32H7xx_HAL_Driver/Src/stm32h7xx_hal_hsem.c **** #if  USE_MULTI_CORE_SHARED_CODE != 0U
 202:Drivers/STM32H7xx_HAL_Driver/Src/stm32h7xx_hal_hsem.c ****   /* Read the RLR register to take the semaphore */
 203:Drivers/STM32H7xx_HAL_Driver/Src/stm32h7xx_hal_hsem.c ****   if (HSEM->RLR[SemID] == (((HAL_GetCurrentCPUID() << POSITION_VAL(HSEM_R_MASTERID)) & HSEM_RLR_MAS
 204:Drivers/STM32H7xx_HAL_Driver/Src/stm32h7xx_hal_hsem.c ****   {
 205:Drivers/STM32H7xx_HAL_Driver/Src/stm32h7xx_hal_hsem.c ****     /*take success when MasterID match and take bit set*/
 206:Drivers/STM32H7xx_HAL_Driver/Src/stm32h7xx_hal_hsem.c ****     return HAL_OK;
 207:Drivers/STM32H7xx_HAL_Driver/Src/stm32h7xx_hal_hsem.c ****   }
 208:Drivers/STM32H7xx_HAL_Driver/Src/stm32h7xx_hal_hsem.c **** #else
 209:Drivers/STM32H7xx_HAL_Driver/Src/stm32h7xx_hal_hsem.c ****   /* Read the RLR register to take the semaphore */
 210:Drivers/STM32H7xx_HAL_Driver/Src/stm32h7xx_hal_hsem.c ****   if (HSEM->RLR[SemID] == (HSEM_CR_COREID_CURRENT | HSEM_RLR_LOCK))
 120              		.loc 1 210 11
 121 0008 084A     		ldr	r2, .L9
 122              		.loc 1 210 16
 123 000a 7B68     		ldr	r3, [r7, #4]
 124 000c 2033     		adds	r3, r3, #32
 125 000e 52F82330 		ldr	r3, [r2, r3, lsl #2]
 126              		.loc 1 210 6
 127 0012 074A     		ldr	r2, .L9+4
 128 0014 9342     		cmp	r3, r2
 129 0016 01D1     		bne	.L7
 211:Drivers/STM32H7xx_HAL_Driver/Src/stm32h7xx_hal_hsem.c ****   {
 212:Drivers/STM32H7xx_HAL_Driver/Src/stm32h7xx_hal_hsem.c ****     /*take success when MasterID match and take bit set*/
 213:Drivers/STM32H7xx_HAL_Driver/Src/stm32h7xx_hal_hsem.c ****     return HAL_OK;
 130              		.loc 1 213 12
 131 0018 0023     		movs	r3, #0
 132 001a 00E0     		b	.L8
ARM GAS  /var/folders/g1/j12m_ky910s3_sv7d4yrsdn00000gn/T//cc521DKP.s 			page 7


 133              	.L7:
 214:Drivers/STM32H7xx_HAL_Driver/Src/stm32h7xx_hal_hsem.c ****   }
 215:Drivers/STM32H7xx_HAL_Driver/Src/stm32h7xx_hal_hsem.c **** #endif
 216:Drivers/STM32H7xx_HAL_Driver/Src/stm32h7xx_hal_hsem.c **** 
 217:Drivers/STM32H7xx_HAL_Driver/Src/stm32h7xx_hal_hsem.c ****   /* Semaphore take fails */
 218:Drivers/STM32H7xx_HAL_Driver/Src/stm32h7xx_hal_hsem.c ****   return HAL_ERROR;
 134              		.loc 1 218 10
 135 001c 0123     		movs	r3, #1
 136              	.L8:
 219:Drivers/STM32H7xx_HAL_Driver/Src/stm32h7xx_hal_hsem.c **** }
 137              		.loc 1 219 1
 138 001e 1846     		mov	r0, r3
 139 0020 0C37     		adds	r7, r7, #12
 140              	.LCFI9:
 141              		.cfi_def_cfa_offset 4
 142 0022 BD46     		mov	sp, r7
 143              	.LCFI10:
 144              		.cfi_def_cfa_register 13
 145              		@ sp needed
 146 0024 5DF8047B 		ldr	r7, [sp], #4
 147              	.LCFI11:
 148              		.cfi_restore 7
 149              		.cfi_def_cfa_offset 0
 150 0028 7047     		bx	lr
 151              	.L10:
 152 002a 00BF     		.align	2
 153              	.L9:
 154 002c 00640258 		.word	1476551680
 155 0030 00030080 		.word	-2147482880
 156              		.cfi_endproc
 157              	.LFE145:
 159              		.section	.text.HAL_HSEM_IsSemTaken,"ax",%progbits
 160              		.align	1
 161              		.global	HAL_HSEM_IsSemTaken
 162              		.syntax unified
 163              		.thumb
 164              		.thumb_func
 166              	HAL_HSEM_IsSemTaken:
 167              	.LFB146:
 220:Drivers/STM32H7xx_HAL_Driver/Src/stm32h7xx_hal_hsem.c **** /**
 221:Drivers/STM32H7xx_HAL_Driver/Src/stm32h7xx_hal_hsem.c ****   * @brief  Check semaphore state Taken or not.
 222:Drivers/STM32H7xx_HAL_Driver/Src/stm32h7xx_hal_hsem.c ****   * @param  SemID: semaphore ID
 223:Drivers/STM32H7xx_HAL_Driver/Src/stm32h7xx_hal_hsem.c ****   * @retval HAL HSEM state
 224:Drivers/STM32H7xx_HAL_Driver/Src/stm32h7xx_hal_hsem.c ****   */
 225:Drivers/STM32H7xx_HAL_Driver/Src/stm32h7xx_hal_hsem.c **** uint32_t HAL_HSEM_IsSemTaken(uint32_t SemID)
 226:Drivers/STM32H7xx_HAL_Driver/Src/stm32h7xx_hal_hsem.c **** {
 168              		.loc 1 226 1
 169              		.cfi_startproc
 170              		@ args = 0, pretend = 0, frame = 8
 171              		@ frame_needed = 1, uses_anonymous_args = 0
 172              		@ link register save eliminated.
 173 0000 80B4     		push	{r7}
 174              	.LCFI12:
 175              		.cfi_def_cfa_offset 4
 176              		.cfi_offset 7, -4
 177 0002 83B0     		sub	sp, sp, #12
 178              	.LCFI13:
ARM GAS  /var/folders/g1/j12m_ky910s3_sv7d4yrsdn00000gn/T//cc521DKP.s 			page 8


 179              		.cfi_def_cfa_offset 16
 180 0004 00AF     		add	r7, sp, #0
 181              	.LCFI14:
 182              		.cfi_def_cfa_register 7
 183 0006 7860     		str	r0, [r7, #4]
 227:Drivers/STM32H7xx_HAL_Driver/Src/stm32h7xx_hal_hsem.c ****   return (((HSEM->R[SemID] & HSEM_R_LOCK) != 0U) ? 1UL : 0UL);
 184              		.loc 1 227 17
 185 0008 074A     		ldr	r2, .L15
 186              		.loc 1 227 20
 187 000a 7B68     		ldr	r3, [r7, #4]
 188 000c 52F82330 		ldr	r3, [r2, r3, lsl #2]
 189              		.loc 1 227 56
 190 0010 002B     		cmp	r3, #0
 191 0012 01DA     		bge	.L12
 192              		.loc 1 227 56 is_stmt 0 discriminator 1
 193 0014 0123     		movs	r3, #1
 194              		.loc 1 227 56
 195 0016 00E0     		b	.L14
 196              	.L12:
 197              		.loc 1 227 56 discriminator 2
 198 0018 0023     		movs	r3, #0
 199              	.L14:
 228:Drivers/STM32H7xx_HAL_Driver/Src/stm32h7xx_hal_hsem.c **** }
 200              		.loc 1 228 1 is_stmt 1
 201 001a 1846     		mov	r0, r3
 202 001c 0C37     		adds	r7, r7, #12
 203              	.LCFI15:
 204              		.cfi_def_cfa_offset 4
 205 001e BD46     		mov	sp, r7
 206              	.LCFI16:
 207              		.cfi_def_cfa_register 13
 208              		@ sp needed
 209 0020 5DF8047B 		ldr	r7, [sp], #4
 210              	.LCFI17:
 211              		.cfi_restore 7
 212              		.cfi_def_cfa_offset 0
 213 0024 7047     		bx	lr
 214              	.L16:
 215 0026 00BF     		.align	2
 216              	.L15:
 217 0028 00640258 		.word	1476551680
 218              		.cfi_endproc
 219              	.LFE146:
 221              		.section	.text.HAL_HSEM_Release,"ax",%progbits
 222              		.align	1
 223              		.global	HAL_HSEM_Release
 224              		.syntax unified
 225              		.thumb
 226              		.thumb_func
 228              	HAL_HSEM_Release:
 229              	.LFB147:
 229:Drivers/STM32H7xx_HAL_Driver/Src/stm32h7xx_hal_hsem.c **** 
 230:Drivers/STM32H7xx_HAL_Driver/Src/stm32h7xx_hal_hsem.c **** 
 231:Drivers/STM32H7xx_HAL_Driver/Src/stm32h7xx_hal_hsem.c **** /**
 232:Drivers/STM32H7xx_HAL_Driver/Src/stm32h7xx_hal_hsem.c ****   * @brief  Release a semaphore.
 233:Drivers/STM32H7xx_HAL_Driver/Src/stm32h7xx_hal_hsem.c ****   * @param  SemID: semaphore ID from 0 to 31
 234:Drivers/STM32H7xx_HAL_Driver/Src/stm32h7xx_hal_hsem.c ****   * @param  ProcessID: Process ID from 0 to 255
ARM GAS  /var/folders/g1/j12m_ky910s3_sv7d4yrsdn00000gn/T//cc521DKP.s 			page 9


 235:Drivers/STM32H7xx_HAL_Driver/Src/stm32h7xx_hal_hsem.c ****   * @retval None
 236:Drivers/STM32H7xx_HAL_Driver/Src/stm32h7xx_hal_hsem.c ****   */
 237:Drivers/STM32H7xx_HAL_Driver/Src/stm32h7xx_hal_hsem.c **** void  HAL_HSEM_Release(uint32_t SemID, uint32_t ProcessID)
 238:Drivers/STM32H7xx_HAL_Driver/Src/stm32h7xx_hal_hsem.c **** {
 230              		.loc 1 238 1
 231              		.cfi_startproc
 232              		@ args = 0, pretend = 0, frame = 8
 233              		@ frame_needed = 1, uses_anonymous_args = 0
 234              		@ link register save eliminated.
 235 0000 80B4     		push	{r7}
 236              	.LCFI18:
 237              		.cfi_def_cfa_offset 4
 238              		.cfi_offset 7, -4
 239 0002 83B0     		sub	sp, sp, #12
 240              	.LCFI19:
 241              		.cfi_def_cfa_offset 16
 242 0004 00AF     		add	r7, sp, #0
 243              	.LCFI20:
 244              		.cfi_def_cfa_register 7
 245 0006 7860     		str	r0, [r7, #4]
 246 0008 3960     		str	r1, [r7]
 239:Drivers/STM32H7xx_HAL_Driver/Src/stm32h7xx_hal_hsem.c ****   /* Check the parameters */
 240:Drivers/STM32H7xx_HAL_Driver/Src/stm32h7xx_hal_hsem.c ****   assert_param(IS_HSEM_SEMID(SemID));
 241:Drivers/STM32H7xx_HAL_Driver/Src/stm32h7xx_hal_hsem.c ****   assert_param(IS_HSEM_PROCESSID(ProcessID));
 242:Drivers/STM32H7xx_HAL_Driver/Src/stm32h7xx_hal_hsem.c **** 
 243:Drivers/STM32H7xx_HAL_Driver/Src/stm32h7xx_hal_hsem.c ****   /* Clear the semaphore by writing to the R register : the MasterID , the processID and take bit =
 244:Drivers/STM32H7xx_HAL_Driver/Src/stm32h7xx_hal_hsem.c **** #if  USE_MULTI_CORE_SHARED_CODE != 0U
 245:Drivers/STM32H7xx_HAL_Driver/Src/stm32h7xx_hal_hsem.c ****   HSEM->R[SemID] = (ProcessID | ((HAL_GetCurrentCPUID() << POSITION_VAL(HSEM_R_MASTERID)) & HSEM_R_
 246:Drivers/STM32H7xx_HAL_Driver/Src/stm32h7xx_hal_hsem.c **** #else
 247:Drivers/STM32H7xx_HAL_Driver/Src/stm32h7xx_hal_hsem.c ****   HSEM->R[SemID] = (ProcessID | HSEM_CR_COREID_CURRENT);
 247              		.loc 1 247 7
 248 000a 0649     		ldr	r1, .L18
 249              		.loc 1 247 31
 250 000c 3B68     		ldr	r3, [r7]
 251 000e 43F44072 		orr	r2, r3, #768
 252              		.loc 1 247 18
 253 0012 7B68     		ldr	r3, [r7, #4]
 254 0014 41F82320 		str	r2, [r1, r3, lsl #2]
 248:Drivers/STM32H7xx_HAL_Driver/Src/stm32h7xx_hal_hsem.c **** #endif
 249:Drivers/STM32H7xx_HAL_Driver/Src/stm32h7xx_hal_hsem.c **** 
 250:Drivers/STM32H7xx_HAL_Driver/Src/stm32h7xx_hal_hsem.c **** }
 255              		.loc 1 250 1
 256 0018 00BF     		nop
 257 001a 0C37     		adds	r7, r7, #12
 258              	.LCFI21:
 259              		.cfi_def_cfa_offset 4
 260 001c BD46     		mov	sp, r7
 261              	.LCFI22:
 262              		.cfi_def_cfa_register 13
 263              		@ sp needed
 264 001e 5DF8047B 		ldr	r7, [sp], #4
 265              	.LCFI23:
 266              		.cfi_restore 7
 267              		.cfi_def_cfa_offset 0
 268 0022 7047     		bx	lr
 269              	.L19:
 270              		.align	2
ARM GAS  /var/folders/g1/j12m_ky910s3_sv7d4yrsdn00000gn/T//cc521DKP.s 			page 10


 271              	.L18:
 272 0024 00640258 		.word	1476551680
 273              		.cfi_endproc
 274              	.LFE147:
 276              		.section	.text.HAL_HSEM_ReleaseAll,"ax",%progbits
 277              		.align	1
 278              		.global	HAL_HSEM_ReleaseAll
 279              		.syntax unified
 280              		.thumb
 281              		.thumb_func
 283              	HAL_HSEM_ReleaseAll:
 284              	.LFB148:
 251:Drivers/STM32H7xx_HAL_Driver/Src/stm32h7xx_hal_hsem.c **** 
 252:Drivers/STM32H7xx_HAL_Driver/Src/stm32h7xx_hal_hsem.c **** /**
 253:Drivers/STM32H7xx_HAL_Driver/Src/stm32h7xx_hal_hsem.c ****   * @brief  Release All semaphore used by a given Master .
 254:Drivers/STM32H7xx_HAL_Driver/Src/stm32h7xx_hal_hsem.c ****   * @param  Key: Semaphore Key , value from 0 to 0xFFFF
 255:Drivers/STM32H7xx_HAL_Driver/Src/stm32h7xx_hal_hsem.c ****   * @param  CoreID: CoreID of the CPU that is using semaphores to be released
 256:Drivers/STM32H7xx_HAL_Driver/Src/stm32h7xx_hal_hsem.c ****   * @retval None
 257:Drivers/STM32H7xx_HAL_Driver/Src/stm32h7xx_hal_hsem.c ****   */
 258:Drivers/STM32H7xx_HAL_Driver/Src/stm32h7xx_hal_hsem.c **** void HAL_HSEM_ReleaseAll(uint32_t Key, uint32_t CoreID)
 259:Drivers/STM32H7xx_HAL_Driver/Src/stm32h7xx_hal_hsem.c **** {
 285              		.loc 1 259 1
 286              		.cfi_startproc
 287              		@ args = 0, pretend = 0, frame = 8
 288              		@ frame_needed = 1, uses_anonymous_args = 0
 289              		@ link register save eliminated.
 290 0000 80B4     		push	{r7}
 291              	.LCFI24:
 292              		.cfi_def_cfa_offset 4
 293              		.cfi_offset 7, -4
 294 0002 83B0     		sub	sp, sp, #12
 295              	.LCFI25:
 296              		.cfi_def_cfa_offset 16
 297 0004 00AF     		add	r7, sp, #0
 298              	.LCFI26:
 299              		.cfi_def_cfa_register 7
 300 0006 7860     		str	r0, [r7, #4]
 301 0008 3960     		str	r1, [r7]
 260:Drivers/STM32H7xx_HAL_Driver/Src/stm32h7xx_hal_hsem.c ****   assert_param(IS_HSEM_KEY(Key));
 261:Drivers/STM32H7xx_HAL_Driver/Src/stm32h7xx_hal_hsem.c ****   assert_param(IS_HSEM_COREID(CoreID));
 262:Drivers/STM32H7xx_HAL_Driver/Src/stm32h7xx_hal_hsem.c **** 
 263:Drivers/STM32H7xx_HAL_Driver/Src/stm32h7xx_hal_hsem.c ****   HSEM->CR = ((Key << HSEM_CR_KEY_Pos) | (CoreID << HSEM_CR_COREID_Pos));
 302              		.loc 1 263 20
 303 000a 7B68     		ldr	r3, [r7, #4]
 304 000c 1A04     		lsls	r2, r3, #16
 305              		.loc 1 263 50
 306 000e 3B68     		ldr	r3, [r7]
 307 0010 1B02     		lsls	r3, r3, #8
 308              		.loc 1 263 7
 309 0012 0549     		ldr	r1, .L21
 310              		.loc 1 263 40
 311 0014 1343     		orrs	r3, r3, r2
 312              		.loc 1 263 12
 313 0016 C1F84031 		str	r3, [r1, #320]
 264:Drivers/STM32H7xx_HAL_Driver/Src/stm32h7xx_hal_hsem.c **** }
 314              		.loc 1 264 1
 315 001a 00BF     		nop
ARM GAS  /var/folders/g1/j12m_ky910s3_sv7d4yrsdn00000gn/T//cc521DKP.s 			page 11


 316 001c 0C37     		adds	r7, r7, #12
 317              	.LCFI27:
 318              		.cfi_def_cfa_offset 4
 319 001e BD46     		mov	sp, r7
 320              	.LCFI28:
 321              		.cfi_def_cfa_register 13
 322              		@ sp needed
 323 0020 5DF8047B 		ldr	r7, [sp], #4
 324              	.LCFI29:
 325              		.cfi_restore 7
 326              		.cfi_def_cfa_offset 0
 327 0024 7047     		bx	lr
 328              	.L22:
 329 0026 00BF     		.align	2
 330              	.L21:
 331 0028 00640258 		.word	1476551680
 332              		.cfi_endproc
 333              	.LFE148:
 335              		.section	.text.HAL_HSEM_SetClearKey,"ax",%progbits
 336              		.align	1
 337              		.global	HAL_HSEM_SetClearKey
 338              		.syntax unified
 339              		.thumb
 340              		.thumb_func
 342              	HAL_HSEM_SetClearKey:
 343              	.LFB149:
 265:Drivers/STM32H7xx_HAL_Driver/Src/stm32h7xx_hal_hsem.c **** 
 266:Drivers/STM32H7xx_HAL_Driver/Src/stm32h7xx_hal_hsem.c **** /**
 267:Drivers/STM32H7xx_HAL_Driver/Src/stm32h7xx_hal_hsem.c ****   * @}
 268:Drivers/STM32H7xx_HAL_Driver/Src/stm32h7xx_hal_hsem.c ****   */
 269:Drivers/STM32H7xx_HAL_Driver/Src/stm32h7xx_hal_hsem.c **** 
 270:Drivers/STM32H7xx_HAL_Driver/Src/stm32h7xx_hal_hsem.c **** /** @defgroup HSEM_Exported_Functions_Group2 HSEM Set and Get Key functions
 271:Drivers/STM32H7xx_HAL_Driver/Src/stm32h7xx_hal_hsem.c ****   *  @brief    HSEM Set and Get Key functions.
 272:Drivers/STM32H7xx_HAL_Driver/Src/stm32h7xx_hal_hsem.c ****   *
 273:Drivers/STM32H7xx_HAL_Driver/Src/stm32h7xx_hal_hsem.c **** @verbatim
 274:Drivers/STM32H7xx_HAL_Driver/Src/stm32h7xx_hal_hsem.c ****   ==============================================================================
 275:Drivers/STM32H7xx_HAL_Driver/Src/stm32h7xx_hal_hsem.c ****               ##### HSEM Set and Get Key functions #####
 276:Drivers/STM32H7xx_HAL_Driver/Src/stm32h7xx_hal_hsem.c ****   ==============================================================================
 277:Drivers/STM32H7xx_HAL_Driver/Src/stm32h7xx_hal_hsem.c ****     [..]  This section provides functions allowing to:
 278:Drivers/STM32H7xx_HAL_Driver/Src/stm32h7xx_hal_hsem.c ****       (+) Set semaphore Key
 279:Drivers/STM32H7xx_HAL_Driver/Src/stm32h7xx_hal_hsem.c ****       (+) Get semaphore Key
 280:Drivers/STM32H7xx_HAL_Driver/Src/stm32h7xx_hal_hsem.c **** @endverbatim
 281:Drivers/STM32H7xx_HAL_Driver/Src/stm32h7xx_hal_hsem.c **** 
 282:Drivers/STM32H7xx_HAL_Driver/Src/stm32h7xx_hal_hsem.c ****   * @{
 283:Drivers/STM32H7xx_HAL_Driver/Src/stm32h7xx_hal_hsem.c ****   */
 284:Drivers/STM32H7xx_HAL_Driver/Src/stm32h7xx_hal_hsem.c **** 
 285:Drivers/STM32H7xx_HAL_Driver/Src/stm32h7xx_hal_hsem.c **** /**
 286:Drivers/STM32H7xx_HAL_Driver/Src/stm32h7xx_hal_hsem.c ****   * @brief  Set semaphore Key .
 287:Drivers/STM32H7xx_HAL_Driver/Src/stm32h7xx_hal_hsem.c ****   * @param  Key: Semaphore Key , value from 0 to 0xFFFF
 288:Drivers/STM32H7xx_HAL_Driver/Src/stm32h7xx_hal_hsem.c ****   * @retval None
 289:Drivers/STM32H7xx_HAL_Driver/Src/stm32h7xx_hal_hsem.c ****   */
 290:Drivers/STM32H7xx_HAL_Driver/Src/stm32h7xx_hal_hsem.c **** void  HAL_HSEM_SetClearKey(uint32_t Key)
 291:Drivers/STM32H7xx_HAL_Driver/Src/stm32h7xx_hal_hsem.c **** {
 344              		.loc 1 291 1
 345              		.cfi_startproc
 346              		@ args = 0, pretend = 0, frame = 8
 347              		@ frame_needed = 1, uses_anonymous_args = 0
ARM GAS  /var/folders/g1/j12m_ky910s3_sv7d4yrsdn00000gn/T//cc521DKP.s 			page 12


 348              		@ link register save eliminated.
 349 0000 80B4     		push	{r7}
 350              	.LCFI30:
 351              		.cfi_def_cfa_offset 4
 352              		.cfi_offset 7, -4
 353 0002 83B0     		sub	sp, sp, #12
 354              	.LCFI31:
 355              		.cfi_def_cfa_offset 16
 356 0004 00AF     		add	r7, sp, #0
 357              	.LCFI32:
 358              		.cfi_def_cfa_register 7
 359 0006 7860     		str	r0, [r7, #4]
 292:Drivers/STM32H7xx_HAL_Driver/Src/stm32h7xx_hal_hsem.c ****   assert_param(IS_HSEM_KEY(Key));
 293:Drivers/STM32H7xx_HAL_Driver/Src/stm32h7xx_hal_hsem.c **** 
 294:Drivers/STM32H7xx_HAL_Driver/Src/stm32h7xx_hal_hsem.c ****   MODIFY_REG(HSEM->KEYR, HSEM_KEYR_KEY, (Key << HSEM_KEYR_KEY_Pos));
 360              		.loc 1 294 3
 361 0008 074B     		ldr	r3, .L24
 362 000a D3F84431 		ldr	r3, [r3, #324]
 363 000e 9AB2     		uxth	r2, r3
 364 0010 7B68     		ldr	r3, [r7, #4]
 365 0012 1B04     		lsls	r3, r3, #16
 366 0014 0449     		ldr	r1, .L24
 367 0016 1343     		orrs	r3, r3, r2
 368 0018 C1F84431 		str	r3, [r1, #324]
 295:Drivers/STM32H7xx_HAL_Driver/Src/stm32h7xx_hal_hsem.c **** 
 296:Drivers/STM32H7xx_HAL_Driver/Src/stm32h7xx_hal_hsem.c **** }
 369              		.loc 1 296 1
 370 001c 00BF     		nop
 371 001e 0C37     		adds	r7, r7, #12
 372              	.LCFI33:
 373              		.cfi_def_cfa_offset 4
 374 0020 BD46     		mov	sp, r7
 375              	.LCFI34:
 376              		.cfi_def_cfa_register 13
 377              		@ sp needed
 378 0022 5DF8047B 		ldr	r7, [sp], #4
 379              	.LCFI35:
 380              		.cfi_restore 7
 381              		.cfi_def_cfa_offset 0
 382 0026 7047     		bx	lr
 383              	.L25:
 384              		.align	2
 385              	.L24:
 386 0028 00640258 		.word	1476551680
 387              		.cfi_endproc
 388              	.LFE149:
 390              		.section	.text.HAL_HSEM_GetClearKey,"ax",%progbits
 391              		.align	1
 392              		.global	HAL_HSEM_GetClearKey
 393              		.syntax unified
 394              		.thumb
 395              		.thumb_func
 397              	HAL_HSEM_GetClearKey:
 398              	.LFB150:
 297:Drivers/STM32H7xx_HAL_Driver/Src/stm32h7xx_hal_hsem.c **** 
 298:Drivers/STM32H7xx_HAL_Driver/Src/stm32h7xx_hal_hsem.c **** /**
 299:Drivers/STM32H7xx_HAL_Driver/Src/stm32h7xx_hal_hsem.c ****   * @brief  Get semaphore Key .
ARM GAS  /var/folders/g1/j12m_ky910s3_sv7d4yrsdn00000gn/T//cc521DKP.s 			page 13


 300:Drivers/STM32H7xx_HAL_Driver/Src/stm32h7xx_hal_hsem.c ****   * @retval Semaphore Key , value from 0 to 0xFFFF
 301:Drivers/STM32H7xx_HAL_Driver/Src/stm32h7xx_hal_hsem.c ****   */
 302:Drivers/STM32H7xx_HAL_Driver/Src/stm32h7xx_hal_hsem.c **** uint32_t HAL_HSEM_GetClearKey(void)
 303:Drivers/STM32H7xx_HAL_Driver/Src/stm32h7xx_hal_hsem.c **** {
 399              		.loc 1 303 1
 400              		.cfi_startproc
 401              		@ args = 0, pretend = 0, frame = 0
 402              		@ frame_needed = 1, uses_anonymous_args = 0
 403              		@ link register save eliminated.
 404 0000 80B4     		push	{r7}
 405              	.LCFI36:
 406              		.cfi_def_cfa_offset 4
 407              		.cfi_offset 7, -4
 408 0002 00AF     		add	r7, sp, #0
 409              	.LCFI37:
 410              		.cfi_def_cfa_register 7
 304:Drivers/STM32H7xx_HAL_Driver/Src/stm32h7xx_hal_hsem.c ****   return (HSEM->KEYR >> HSEM_KEYR_KEY_Pos);
 411              		.loc 1 304 15
 412 0004 044B     		ldr	r3, .L28
 413 0006 D3F84431 		ldr	r3, [r3, #324]
 414              		.loc 1 304 22
 415 000a 1B0C     		lsrs	r3, r3, #16
 305:Drivers/STM32H7xx_HAL_Driver/Src/stm32h7xx_hal_hsem.c **** }
 416              		.loc 1 305 1
 417 000c 1846     		mov	r0, r3
 418 000e BD46     		mov	sp, r7
 419              	.LCFI38:
 420              		.cfi_def_cfa_register 13
 421              		@ sp needed
 422 0010 5DF8047B 		ldr	r7, [sp], #4
 423              	.LCFI39:
 424              		.cfi_restore 7
 425              		.cfi_def_cfa_offset 0
 426 0014 7047     		bx	lr
 427              	.L29:
 428 0016 00BF     		.align	2
 429              	.L28:
 430 0018 00640258 		.word	1476551680
 431              		.cfi_endproc
 432              	.LFE150:
 434              		.section	.text.HAL_HSEM_ActivateNotification,"ax",%progbits
 435              		.align	1
 436              		.global	HAL_HSEM_ActivateNotification
 437              		.syntax unified
 438              		.thumb
 439              		.thumb_func
 441              	HAL_HSEM_ActivateNotification:
 442              	.LFB151:
 306:Drivers/STM32H7xx_HAL_Driver/Src/stm32h7xx_hal_hsem.c **** 
 307:Drivers/STM32H7xx_HAL_Driver/Src/stm32h7xx_hal_hsem.c **** /**
 308:Drivers/STM32H7xx_HAL_Driver/Src/stm32h7xx_hal_hsem.c ****   * @}
 309:Drivers/STM32H7xx_HAL_Driver/Src/stm32h7xx_hal_hsem.c ****   */
 310:Drivers/STM32H7xx_HAL_Driver/Src/stm32h7xx_hal_hsem.c **** 
 311:Drivers/STM32H7xx_HAL_Driver/Src/stm32h7xx_hal_hsem.c **** /** @defgroup HSEM_Exported_Functions_Group3 HSEM IRQ handler management
 312:Drivers/STM32H7xx_HAL_Driver/Src/stm32h7xx_hal_hsem.c ****   *  @brief    HSEM Notification functions.
 313:Drivers/STM32H7xx_HAL_Driver/Src/stm32h7xx_hal_hsem.c ****   *
 314:Drivers/STM32H7xx_HAL_Driver/Src/stm32h7xx_hal_hsem.c **** @verbatim
ARM GAS  /var/folders/g1/j12m_ky910s3_sv7d4yrsdn00000gn/T//cc521DKP.s 			page 14


 315:Drivers/STM32H7xx_HAL_Driver/Src/stm32h7xx_hal_hsem.c ****   ==============================================================================
 316:Drivers/STM32H7xx_HAL_Driver/Src/stm32h7xx_hal_hsem.c ****       ##### HSEM IRQ handler management and Notification functions #####
 317:Drivers/STM32H7xx_HAL_Driver/Src/stm32h7xx_hal_hsem.c ****   ==============================================================================
 318:Drivers/STM32H7xx_HAL_Driver/Src/stm32h7xx_hal_hsem.c **** [..]  This section provides HSEM IRQ handler and Notification function.
 319:Drivers/STM32H7xx_HAL_Driver/Src/stm32h7xx_hal_hsem.c **** 
 320:Drivers/STM32H7xx_HAL_Driver/Src/stm32h7xx_hal_hsem.c **** @endverbatim
 321:Drivers/STM32H7xx_HAL_Driver/Src/stm32h7xx_hal_hsem.c ****   * @{
 322:Drivers/STM32H7xx_HAL_Driver/Src/stm32h7xx_hal_hsem.c ****   */
 323:Drivers/STM32H7xx_HAL_Driver/Src/stm32h7xx_hal_hsem.c **** 
 324:Drivers/STM32H7xx_HAL_Driver/Src/stm32h7xx_hal_hsem.c **** /**
 325:Drivers/STM32H7xx_HAL_Driver/Src/stm32h7xx_hal_hsem.c ****   * @brief  Activate Semaphore release Notification for a given Semaphores Mask .
 326:Drivers/STM32H7xx_HAL_Driver/Src/stm32h7xx_hal_hsem.c ****   * @param  SemMask: Mask of Released semaphores
 327:Drivers/STM32H7xx_HAL_Driver/Src/stm32h7xx_hal_hsem.c ****   * @retval Semaphore Key
 328:Drivers/STM32H7xx_HAL_Driver/Src/stm32h7xx_hal_hsem.c ****   */
 329:Drivers/STM32H7xx_HAL_Driver/Src/stm32h7xx_hal_hsem.c **** void HAL_HSEM_ActivateNotification(uint32_t SemMask)
 330:Drivers/STM32H7xx_HAL_Driver/Src/stm32h7xx_hal_hsem.c **** {
 443              		.loc 1 330 1
 444              		.cfi_startproc
 445              		@ args = 0, pretend = 0, frame = 8
 446              		@ frame_needed = 1, uses_anonymous_args = 0
 447              		@ link register save eliminated.
 448 0000 80B4     		push	{r7}
 449              	.LCFI40:
 450              		.cfi_def_cfa_offset 4
 451              		.cfi_offset 7, -4
 452 0002 83B0     		sub	sp, sp, #12
 453              	.LCFI41:
 454              		.cfi_def_cfa_offset 16
 455 0004 00AF     		add	r7, sp, #0
 456              	.LCFI42:
 457              		.cfi_def_cfa_register 7
 458 0006 7860     		str	r0, [r7, #4]
 331:Drivers/STM32H7xx_HAL_Driver/Src/stm32h7xx_hal_hsem.c **** #if  USE_MULTI_CORE_SHARED_CODE != 0U
 332:Drivers/STM32H7xx_HAL_Driver/Src/stm32h7xx_hal_hsem.c ****   /*enable the semaphore mask interrupts */
 333:Drivers/STM32H7xx_HAL_Driver/Src/stm32h7xx_hal_hsem.c ****   if (HAL_GetCurrentCPUID() == HSEM_CPU1_COREID)
 334:Drivers/STM32H7xx_HAL_Driver/Src/stm32h7xx_hal_hsem.c ****   {
 335:Drivers/STM32H7xx_HAL_Driver/Src/stm32h7xx_hal_hsem.c ****     /*Use interrupt line 0 for CPU1 Master */
 336:Drivers/STM32H7xx_HAL_Driver/Src/stm32h7xx_hal_hsem.c ****     HSEM->C1IER |= SemMask;
 337:Drivers/STM32H7xx_HAL_Driver/Src/stm32h7xx_hal_hsem.c ****   }
 338:Drivers/STM32H7xx_HAL_Driver/Src/stm32h7xx_hal_hsem.c ****   else /* HSEM_CPU2_COREID */
 339:Drivers/STM32H7xx_HAL_Driver/Src/stm32h7xx_hal_hsem.c ****   {
 340:Drivers/STM32H7xx_HAL_Driver/Src/stm32h7xx_hal_hsem.c ****     /*Use interrupt line 1 for CPU2 Master*/
 341:Drivers/STM32H7xx_HAL_Driver/Src/stm32h7xx_hal_hsem.c ****     HSEM->C2IER |= SemMask;
 342:Drivers/STM32H7xx_HAL_Driver/Src/stm32h7xx_hal_hsem.c ****   }
 343:Drivers/STM32H7xx_HAL_Driver/Src/stm32h7xx_hal_hsem.c **** #else
 344:Drivers/STM32H7xx_HAL_Driver/Src/stm32h7xx_hal_hsem.c ****   HSEM_COMMON->IER |= SemMask;
 459              		.loc 1 344 14
 460 0008 054B     		ldr	r3, .L31
 461 000a 1A68     		ldr	r2, [r3]
 462 000c 0449     		ldr	r1, .L31
 463              		.loc 1 344 20
 464 000e 7B68     		ldr	r3, [r7, #4]
 465 0010 1343     		orrs	r3, r3, r2
 466 0012 0B60     		str	r3, [r1]
 345:Drivers/STM32H7xx_HAL_Driver/Src/stm32h7xx_hal_hsem.c **** #endif
 346:Drivers/STM32H7xx_HAL_Driver/Src/stm32h7xx_hal_hsem.c **** }
 467              		.loc 1 346 1
ARM GAS  /var/folders/g1/j12m_ky910s3_sv7d4yrsdn00000gn/T//cc521DKP.s 			page 15


 468 0014 00BF     		nop
 469 0016 0C37     		adds	r7, r7, #12
 470              	.LCFI43:
 471              		.cfi_def_cfa_offset 4
 472 0018 BD46     		mov	sp, r7
 473              	.LCFI44:
 474              		.cfi_def_cfa_register 13
 475              		@ sp needed
 476 001a 5DF8047B 		ldr	r7, [sp], #4
 477              	.LCFI45:
 478              		.cfi_restore 7
 479              		.cfi_def_cfa_offset 0
 480 001e 7047     		bx	lr
 481              	.L32:
 482              		.align	2
 483              	.L31:
 484 0020 00650258 		.word	1476551936
 485              		.cfi_endproc
 486              	.LFE151:
 488              		.section	.text.HAL_HSEM_DeactivateNotification,"ax",%progbits
 489              		.align	1
 490              		.global	HAL_HSEM_DeactivateNotification
 491              		.syntax unified
 492              		.thumb
 493              		.thumb_func
 495              	HAL_HSEM_DeactivateNotification:
 496              	.LFB152:
 347:Drivers/STM32H7xx_HAL_Driver/Src/stm32h7xx_hal_hsem.c **** 
 348:Drivers/STM32H7xx_HAL_Driver/Src/stm32h7xx_hal_hsem.c **** /**
 349:Drivers/STM32H7xx_HAL_Driver/Src/stm32h7xx_hal_hsem.c ****   * @brief  Deactivate Semaphore release Notification for a given Semaphores Mask .
 350:Drivers/STM32H7xx_HAL_Driver/Src/stm32h7xx_hal_hsem.c ****   * @param  SemMask: Mask of Released semaphores
 351:Drivers/STM32H7xx_HAL_Driver/Src/stm32h7xx_hal_hsem.c ****   * @retval Semaphore Key
 352:Drivers/STM32H7xx_HAL_Driver/Src/stm32h7xx_hal_hsem.c ****   */
 353:Drivers/STM32H7xx_HAL_Driver/Src/stm32h7xx_hal_hsem.c **** void HAL_HSEM_DeactivateNotification(uint32_t SemMask)
 354:Drivers/STM32H7xx_HAL_Driver/Src/stm32h7xx_hal_hsem.c **** {
 497              		.loc 1 354 1
 498              		.cfi_startproc
 499              		@ args = 0, pretend = 0, frame = 8
 500              		@ frame_needed = 1, uses_anonymous_args = 0
 501              		@ link register save eliminated.
 502 0000 80B4     		push	{r7}
 503              	.LCFI46:
 504              		.cfi_def_cfa_offset 4
 505              		.cfi_offset 7, -4
 506 0002 83B0     		sub	sp, sp, #12
 507              	.LCFI47:
 508              		.cfi_def_cfa_offset 16
 509 0004 00AF     		add	r7, sp, #0
 510              	.LCFI48:
 511              		.cfi_def_cfa_register 7
 512 0006 7860     		str	r0, [r7, #4]
 355:Drivers/STM32H7xx_HAL_Driver/Src/stm32h7xx_hal_hsem.c **** #if  USE_MULTI_CORE_SHARED_CODE != 0U
 356:Drivers/STM32H7xx_HAL_Driver/Src/stm32h7xx_hal_hsem.c ****   /*enable the semaphore mask interrupts */
 357:Drivers/STM32H7xx_HAL_Driver/Src/stm32h7xx_hal_hsem.c ****   if (HAL_GetCurrentCPUID() == HSEM_CPU1_COREID)
 358:Drivers/STM32H7xx_HAL_Driver/Src/stm32h7xx_hal_hsem.c ****   {
 359:Drivers/STM32H7xx_HAL_Driver/Src/stm32h7xx_hal_hsem.c ****     /*Use interrupt line 0 for CPU1 Master */
 360:Drivers/STM32H7xx_HAL_Driver/Src/stm32h7xx_hal_hsem.c ****     HSEM->C1IER &= ~SemMask;
ARM GAS  /var/folders/g1/j12m_ky910s3_sv7d4yrsdn00000gn/T//cc521DKP.s 			page 16


 361:Drivers/STM32H7xx_HAL_Driver/Src/stm32h7xx_hal_hsem.c ****   }
 362:Drivers/STM32H7xx_HAL_Driver/Src/stm32h7xx_hal_hsem.c ****   else /* HSEM_CPU2_COREID */
 363:Drivers/STM32H7xx_HAL_Driver/Src/stm32h7xx_hal_hsem.c ****   {
 364:Drivers/STM32H7xx_HAL_Driver/Src/stm32h7xx_hal_hsem.c ****     /*Use interrupt line 1 for CPU2 Master*/
 365:Drivers/STM32H7xx_HAL_Driver/Src/stm32h7xx_hal_hsem.c ****     HSEM->C2IER &= ~SemMask;
 366:Drivers/STM32H7xx_HAL_Driver/Src/stm32h7xx_hal_hsem.c ****   }
 367:Drivers/STM32H7xx_HAL_Driver/Src/stm32h7xx_hal_hsem.c **** #else
 368:Drivers/STM32H7xx_HAL_Driver/Src/stm32h7xx_hal_hsem.c ****   HSEM_COMMON->IER &= ~SemMask;
 513              		.loc 1 368 14
 514 0008 064B     		ldr	r3, .L34
 515 000a 1A68     		ldr	r2, [r3]
 516              		.loc 1 368 23
 517 000c 7B68     		ldr	r3, [r7, #4]
 518 000e DB43     		mvns	r3, r3
 519              		.loc 1 368 14
 520 0010 0449     		ldr	r1, .L34
 521              		.loc 1 368 20
 522 0012 1340     		ands	r3, r3, r2
 523 0014 0B60     		str	r3, [r1]
 369:Drivers/STM32H7xx_HAL_Driver/Src/stm32h7xx_hal_hsem.c **** #endif
 370:Drivers/STM32H7xx_HAL_Driver/Src/stm32h7xx_hal_hsem.c **** }
 524              		.loc 1 370 1
 525 0016 00BF     		nop
 526 0018 0C37     		adds	r7, r7, #12
 527              	.LCFI49:
 528              		.cfi_def_cfa_offset 4
 529 001a BD46     		mov	sp, r7
 530              	.LCFI50:
 531              		.cfi_def_cfa_register 13
 532              		@ sp needed
 533 001c 5DF8047B 		ldr	r7, [sp], #4
 534              	.LCFI51:
 535              		.cfi_restore 7
 536              		.cfi_def_cfa_offset 0
 537 0020 7047     		bx	lr
 538              	.L35:
 539 0022 00BF     		.align	2
 540              	.L34:
 541 0024 00650258 		.word	1476551936
 542              		.cfi_endproc
 543              	.LFE152:
 545              		.section	.text.HAL_HSEM_IRQHandler,"ax",%progbits
 546              		.align	1
 547              		.global	HAL_HSEM_IRQHandler
 548              		.syntax unified
 549              		.thumb
 550              		.thumb_func
 552              	HAL_HSEM_IRQHandler:
 553              	.LFB153:
 371:Drivers/STM32H7xx_HAL_Driver/Src/stm32h7xx_hal_hsem.c **** 
 372:Drivers/STM32H7xx_HAL_Driver/Src/stm32h7xx_hal_hsem.c **** /**
 373:Drivers/STM32H7xx_HAL_Driver/Src/stm32h7xx_hal_hsem.c ****   * @brief  This function handles HSEM interrupt request
 374:Drivers/STM32H7xx_HAL_Driver/Src/stm32h7xx_hal_hsem.c ****   * @retval None
 375:Drivers/STM32H7xx_HAL_Driver/Src/stm32h7xx_hal_hsem.c ****   */
 376:Drivers/STM32H7xx_HAL_Driver/Src/stm32h7xx_hal_hsem.c **** void HAL_HSEM_IRQHandler(void)
 377:Drivers/STM32H7xx_HAL_Driver/Src/stm32h7xx_hal_hsem.c **** {
 554              		.loc 1 377 1
ARM GAS  /var/folders/g1/j12m_ky910s3_sv7d4yrsdn00000gn/T//cc521DKP.s 			page 17


 555              		.cfi_startproc
 556              		@ args = 0, pretend = 0, frame = 8
 557              		@ frame_needed = 1, uses_anonymous_args = 0
 558 0000 80B5     		push	{r7, lr}
 559              	.LCFI52:
 560              		.cfi_def_cfa_offset 8
 561              		.cfi_offset 7, -8
 562              		.cfi_offset 14, -4
 563 0002 82B0     		sub	sp, sp, #8
 564              	.LCFI53:
 565              		.cfi_def_cfa_offset 16
 566 0004 00AF     		add	r7, sp, #0
 567              	.LCFI54:
 568              		.cfi_def_cfa_register 7
 378:Drivers/STM32H7xx_HAL_Driver/Src/stm32h7xx_hal_hsem.c ****   uint32_t statusreg;
 379:Drivers/STM32H7xx_HAL_Driver/Src/stm32h7xx_hal_hsem.c **** #if  USE_MULTI_CORE_SHARED_CODE != 0U
 380:Drivers/STM32H7xx_HAL_Driver/Src/stm32h7xx_hal_hsem.c ****   if (HAL_GetCurrentCPUID() == HSEM_CPU1_COREID)
 381:Drivers/STM32H7xx_HAL_Driver/Src/stm32h7xx_hal_hsem.c ****   {
 382:Drivers/STM32H7xx_HAL_Driver/Src/stm32h7xx_hal_hsem.c ****     /* Get the list of masked freed semaphores*/
 383:Drivers/STM32H7xx_HAL_Driver/Src/stm32h7xx_hal_hsem.c ****     statusreg = HSEM->C1MISR; /*Use interrupt line 0 for CPU1 Master*/
 384:Drivers/STM32H7xx_HAL_Driver/Src/stm32h7xx_hal_hsem.c **** 
 385:Drivers/STM32H7xx_HAL_Driver/Src/stm32h7xx_hal_hsem.c ****     /*Disable Interrupts*/
 386:Drivers/STM32H7xx_HAL_Driver/Src/stm32h7xx_hal_hsem.c ****     HSEM->C1IER &= ~((uint32_t)statusreg);
 387:Drivers/STM32H7xx_HAL_Driver/Src/stm32h7xx_hal_hsem.c **** 
 388:Drivers/STM32H7xx_HAL_Driver/Src/stm32h7xx_hal_hsem.c ****     /*Clear Flags*/
 389:Drivers/STM32H7xx_HAL_Driver/Src/stm32h7xx_hal_hsem.c ****     HSEM->C1ICR = ((uint32_t)statusreg);
 390:Drivers/STM32H7xx_HAL_Driver/Src/stm32h7xx_hal_hsem.c ****   }
 391:Drivers/STM32H7xx_HAL_Driver/Src/stm32h7xx_hal_hsem.c ****   else /* HSEM_CPU2_COREID */
 392:Drivers/STM32H7xx_HAL_Driver/Src/stm32h7xx_hal_hsem.c ****   {
 393:Drivers/STM32H7xx_HAL_Driver/Src/stm32h7xx_hal_hsem.c ****     /* Get the list of masked freed semaphores*/
 394:Drivers/STM32H7xx_HAL_Driver/Src/stm32h7xx_hal_hsem.c ****     statusreg = HSEM->C2MISR;/*Use interrupt line 1 for CPU2 Master*/
 395:Drivers/STM32H7xx_HAL_Driver/Src/stm32h7xx_hal_hsem.c **** 
 396:Drivers/STM32H7xx_HAL_Driver/Src/stm32h7xx_hal_hsem.c ****     /*Disable Interrupts*/
 397:Drivers/STM32H7xx_HAL_Driver/Src/stm32h7xx_hal_hsem.c ****     HSEM->C2IER &= ~((uint32_t)statusreg);
 398:Drivers/STM32H7xx_HAL_Driver/Src/stm32h7xx_hal_hsem.c **** 
 399:Drivers/STM32H7xx_HAL_Driver/Src/stm32h7xx_hal_hsem.c ****     /*Clear Flags*/
 400:Drivers/STM32H7xx_HAL_Driver/Src/stm32h7xx_hal_hsem.c ****     HSEM->C2ICR = ((uint32_t)statusreg);
 401:Drivers/STM32H7xx_HAL_Driver/Src/stm32h7xx_hal_hsem.c ****   }
 402:Drivers/STM32H7xx_HAL_Driver/Src/stm32h7xx_hal_hsem.c **** #else
 403:Drivers/STM32H7xx_HAL_Driver/Src/stm32h7xx_hal_hsem.c ****   /* Get the list of masked freed semaphores*/
 404:Drivers/STM32H7xx_HAL_Driver/Src/stm32h7xx_hal_hsem.c ****   statusreg = HSEM_COMMON->MISR;
 569              		.loc 1 404 26
 570 0006 0A4B     		ldr	r3, .L37
 571              		.loc 1 404 13
 572 0008 DB68     		ldr	r3, [r3, #12]
 573 000a 7B60     		str	r3, [r7, #4]
 405:Drivers/STM32H7xx_HAL_Driver/Src/stm32h7xx_hal_hsem.c **** 
 406:Drivers/STM32H7xx_HAL_Driver/Src/stm32h7xx_hal_hsem.c ****   /*Disable Interrupts*/
 407:Drivers/STM32H7xx_HAL_Driver/Src/stm32h7xx_hal_hsem.c ****   HSEM_COMMON->IER &= ~((uint32_t)statusreg);
 574              		.loc 1 407 14
 575 000c 084B     		ldr	r3, .L37
 576 000e 1A68     		ldr	r2, [r3]
 577              		.loc 1 407 23
 578 0010 7B68     		ldr	r3, [r7, #4]
 579 0012 DB43     		mvns	r3, r3
 580              		.loc 1 407 14
 581 0014 0649     		ldr	r1, .L37
ARM GAS  /var/folders/g1/j12m_ky910s3_sv7d4yrsdn00000gn/T//cc521DKP.s 			page 18


 582              		.loc 1 407 20
 583 0016 1340     		ands	r3, r3, r2
 584 0018 0B60     		str	r3, [r1]
 408:Drivers/STM32H7xx_HAL_Driver/Src/stm32h7xx_hal_hsem.c **** 
 409:Drivers/STM32H7xx_HAL_Driver/Src/stm32h7xx_hal_hsem.c ****   /*Clear Flags*/
 410:Drivers/STM32H7xx_HAL_Driver/Src/stm32h7xx_hal_hsem.c ****   HSEM_COMMON->ICR = ((uint32_t)statusreg);
 585              		.loc 1 410 14
 586 001a 054A     		ldr	r2, .L37
 587              		.loc 1 410 20
 588 001c 7B68     		ldr	r3, [r7, #4]
 589 001e 5360     		str	r3, [r2, #4]
 411:Drivers/STM32H7xx_HAL_Driver/Src/stm32h7xx_hal_hsem.c **** 
 412:Drivers/STM32H7xx_HAL_Driver/Src/stm32h7xx_hal_hsem.c **** #endif
 413:Drivers/STM32H7xx_HAL_Driver/Src/stm32h7xx_hal_hsem.c ****   /* Call FreeCallback */
 414:Drivers/STM32H7xx_HAL_Driver/Src/stm32h7xx_hal_hsem.c ****   HAL_HSEM_FreeCallback(statusreg);
 590              		.loc 1 414 3
 591 0020 7868     		ldr	r0, [r7, #4]
 592 0022 FFF7FEFF 		bl	HAL_HSEM_FreeCallback
 415:Drivers/STM32H7xx_HAL_Driver/Src/stm32h7xx_hal_hsem.c **** }
 593              		.loc 1 415 1
 594 0026 00BF     		nop
 595 0028 0837     		adds	r7, r7, #8
 596              	.LCFI55:
 597              		.cfi_def_cfa_offset 8
 598 002a BD46     		mov	sp, r7
 599              	.LCFI56:
 600              		.cfi_def_cfa_register 13
 601              		@ sp needed
 602 002c 80BD     		pop	{r7, pc}
 603              	.L38:
 604 002e 00BF     		.align	2
 605              	.L37:
 606 0030 00650258 		.word	1476551936
 607              		.cfi_endproc
 608              	.LFE153:
 610              		.section	.text.HAL_HSEM_FreeCallback,"ax",%progbits
 611              		.align	1
 612              		.weak	HAL_HSEM_FreeCallback
 613              		.syntax unified
 614              		.thumb
 615              		.thumb_func
 617              	HAL_HSEM_FreeCallback:
 618              	.LFB154:
 416:Drivers/STM32H7xx_HAL_Driver/Src/stm32h7xx_hal_hsem.c **** 
 417:Drivers/STM32H7xx_HAL_Driver/Src/stm32h7xx_hal_hsem.c **** /**
 418:Drivers/STM32H7xx_HAL_Driver/Src/stm32h7xx_hal_hsem.c ****   * @brief Semaphore Released Callback.
 419:Drivers/STM32H7xx_HAL_Driver/Src/stm32h7xx_hal_hsem.c ****   * @param SemMask: Mask of Released semaphores
 420:Drivers/STM32H7xx_HAL_Driver/Src/stm32h7xx_hal_hsem.c ****   * @retval None
 421:Drivers/STM32H7xx_HAL_Driver/Src/stm32h7xx_hal_hsem.c ****   */
 422:Drivers/STM32H7xx_HAL_Driver/Src/stm32h7xx_hal_hsem.c **** __weak void HAL_HSEM_FreeCallback(uint32_t SemMask)
 423:Drivers/STM32H7xx_HAL_Driver/Src/stm32h7xx_hal_hsem.c **** {
 619              		.loc 1 423 1
 620              		.cfi_startproc
 621              		@ args = 0, pretend = 0, frame = 8
 622              		@ frame_needed = 1, uses_anonymous_args = 0
 623              		@ link register save eliminated.
 624 0000 80B4     		push	{r7}
ARM GAS  /var/folders/g1/j12m_ky910s3_sv7d4yrsdn00000gn/T//cc521DKP.s 			page 19


 625              	.LCFI57:
 626              		.cfi_def_cfa_offset 4
 627              		.cfi_offset 7, -4
 628 0002 83B0     		sub	sp, sp, #12
 629              	.LCFI58:
 630              		.cfi_def_cfa_offset 16
 631 0004 00AF     		add	r7, sp, #0
 632              	.LCFI59:
 633              		.cfi_def_cfa_register 7
 634 0006 7860     		str	r0, [r7, #4]
 424:Drivers/STM32H7xx_HAL_Driver/Src/stm32h7xx_hal_hsem.c ****   /* Prevent unused argument(s) compilation warning */
 425:Drivers/STM32H7xx_HAL_Driver/Src/stm32h7xx_hal_hsem.c ****   UNUSED(SemMask);
 426:Drivers/STM32H7xx_HAL_Driver/Src/stm32h7xx_hal_hsem.c **** 
 427:Drivers/STM32H7xx_HAL_Driver/Src/stm32h7xx_hal_hsem.c ****   /* NOTE : This function should not be modified, when the callback is needed,
 428:Drivers/STM32H7xx_HAL_Driver/Src/stm32h7xx_hal_hsem.c ****   the HAL_HSEM_FreeCallback can be implemented in the user file
 429:Drivers/STM32H7xx_HAL_Driver/Src/stm32h7xx_hal_hsem.c ****     */
 430:Drivers/STM32H7xx_HAL_Driver/Src/stm32h7xx_hal_hsem.c **** }
 635              		.loc 1 430 1
 636 0008 00BF     		nop
 637 000a 0C37     		adds	r7, r7, #12
 638              	.LCFI60:
 639              		.cfi_def_cfa_offset 4
 640 000c BD46     		mov	sp, r7
 641              	.LCFI61:
 642              		.cfi_def_cfa_register 13
 643              		@ sp needed
 644 000e 5DF8047B 		ldr	r7, [sp], #4
 645              	.LCFI62:
 646              		.cfi_restore 7
 647              		.cfi_def_cfa_offset 0
 648 0012 7047     		bx	lr
 649              		.cfi_endproc
 650              	.LFE154:
 652              		.text
 653              	.Letext0:
 654              		.file 2 "/Users/zhy/Tools/xpack-arm-none-eabi-gcc-14.2.1-1.1/arm-none-eabi/include/machine/_defaul
 655              		.file 3 "/Users/zhy/Tools/xpack-arm-none-eabi-gcc-14.2.1-1.1/arm-none-eabi/include/sys/_stdint.h"
 656              		.file 4 "Drivers/CMSIS/Device/ST/STM32H7xx/Include/stm32h743xx.h"
 657              		.file 5 "Drivers/STM32H7xx_HAL_Driver/Inc/stm32h7xx_hal_def.h"
ARM GAS  /var/folders/g1/j12m_ky910s3_sv7d4yrsdn00000gn/T//cc521DKP.s 			page 20


DEFINED SYMBOLS
                            *ABS*:00000000 stm32h7xx_hal_hsem.c
/var/folders/g1/j12m_ky910s3_sv7d4yrsdn00000gn/T//cc521DKP.s:20     .text.HAL_HSEM_Take:00000000 $t
/var/folders/g1/j12m_ky910s3_sv7d4yrsdn00000gn/T//cc521DKP.s:26     .text.HAL_HSEM_Take:00000000 HAL_HSEM_Take
/var/folders/g1/j12m_ky910s3_sv7d4yrsdn00000gn/T//cc521DKP.s:90     .text.HAL_HSEM_Take:0000003c $d
/var/folders/g1/j12m_ky910s3_sv7d4yrsdn00000gn/T//cc521DKP.s:96     .text.HAL_HSEM_FastTake:00000000 $t
/var/folders/g1/j12m_ky910s3_sv7d4yrsdn00000gn/T//cc521DKP.s:102    .text.HAL_HSEM_FastTake:00000000 HAL_HSEM_FastTake
/var/folders/g1/j12m_ky910s3_sv7d4yrsdn00000gn/T//cc521DKP.s:154    .text.HAL_HSEM_FastTake:0000002c $d
/var/folders/g1/j12m_ky910s3_sv7d4yrsdn00000gn/T//cc521DKP.s:160    .text.HAL_HSEM_IsSemTaken:00000000 $t
/var/folders/g1/j12m_ky910s3_sv7d4yrsdn00000gn/T//cc521DKP.s:166    .text.HAL_HSEM_IsSemTaken:00000000 HAL_HSEM_IsSemTaken
/var/folders/g1/j12m_ky910s3_sv7d4yrsdn00000gn/T//cc521DKP.s:217    .text.HAL_HSEM_IsSemTaken:00000028 $d
/var/folders/g1/j12m_ky910s3_sv7d4yrsdn00000gn/T//cc521DKP.s:222    .text.HAL_HSEM_Release:00000000 $t
/var/folders/g1/j12m_ky910s3_sv7d4yrsdn00000gn/T//cc521DKP.s:228    .text.HAL_HSEM_Release:00000000 HAL_HSEM_Release
/var/folders/g1/j12m_ky910s3_sv7d4yrsdn00000gn/T//cc521DKP.s:272    .text.HAL_HSEM_Release:00000024 $d
/var/folders/g1/j12m_ky910s3_sv7d4yrsdn00000gn/T//cc521DKP.s:277    .text.HAL_HSEM_ReleaseAll:00000000 $t
/var/folders/g1/j12m_ky910s3_sv7d4yrsdn00000gn/T//cc521DKP.s:283    .text.HAL_HSEM_ReleaseAll:00000000 HAL_HSEM_ReleaseAll
/var/folders/g1/j12m_ky910s3_sv7d4yrsdn00000gn/T//cc521DKP.s:331    .text.HAL_HSEM_ReleaseAll:00000028 $d
/var/folders/g1/j12m_ky910s3_sv7d4yrsdn00000gn/T//cc521DKP.s:336    .text.HAL_HSEM_SetClearKey:00000000 $t
/var/folders/g1/j12m_ky910s3_sv7d4yrsdn00000gn/T//cc521DKP.s:342    .text.HAL_HSEM_SetClearKey:00000000 HAL_HSEM_SetClearKey
/var/folders/g1/j12m_ky910s3_sv7d4yrsdn00000gn/T//cc521DKP.s:386    .text.HAL_HSEM_SetClearKey:00000028 $d
/var/folders/g1/j12m_ky910s3_sv7d4yrsdn00000gn/T//cc521DKP.s:391    .text.HAL_HSEM_GetClearKey:00000000 $t
/var/folders/g1/j12m_ky910s3_sv7d4yrsdn00000gn/T//cc521DKP.s:397    .text.HAL_HSEM_GetClearKey:00000000 HAL_HSEM_GetClearKey
/var/folders/g1/j12m_ky910s3_sv7d4yrsdn00000gn/T//cc521DKP.s:430    .text.HAL_HSEM_GetClearKey:00000018 $d
/var/folders/g1/j12m_ky910s3_sv7d4yrsdn00000gn/T//cc521DKP.s:435    .text.HAL_HSEM_ActivateNotification:00000000 $t
/var/folders/g1/j12m_ky910s3_sv7d4yrsdn00000gn/T//cc521DKP.s:441    .text.HAL_HSEM_ActivateNotification:00000000 HAL_HSEM_ActivateNotification
/var/folders/g1/j12m_ky910s3_sv7d4yrsdn00000gn/T//cc521DKP.s:484    .text.HAL_HSEM_ActivateNotification:00000020 $d
/var/folders/g1/j12m_ky910s3_sv7d4yrsdn00000gn/T//cc521DKP.s:489    .text.HAL_HSEM_DeactivateNotification:00000000 $t
/var/folders/g1/j12m_ky910s3_sv7d4yrsdn00000gn/T//cc521DKP.s:495    .text.HAL_HSEM_DeactivateNotification:00000000 HAL_HSEM_DeactivateNotification
/var/folders/g1/j12m_ky910s3_sv7d4yrsdn00000gn/T//cc521DKP.s:541    .text.HAL_HSEM_DeactivateNotification:00000024 $d
/var/folders/g1/j12m_ky910s3_sv7d4yrsdn00000gn/T//cc521DKP.s:546    .text.HAL_HSEM_IRQHandler:00000000 $t
/var/folders/g1/j12m_ky910s3_sv7d4yrsdn00000gn/T//cc521DKP.s:552    .text.HAL_HSEM_IRQHandler:00000000 HAL_HSEM_IRQHandler
/var/folders/g1/j12m_ky910s3_sv7d4yrsdn00000gn/T//cc521DKP.s:617    .text.HAL_HSEM_FreeCallback:00000000 HAL_HSEM_FreeCallback
/var/folders/g1/j12m_ky910s3_sv7d4yrsdn00000gn/T//cc521DKP.s:606    .text.HAL_HSEM_IRQHandler:00000030 $d
/var/folders/g1/j12m_ky910s3_sv7d4yrsdn00000gn/T//cc521DKP.s:611    .text.HAL_HSEM_FreeCallback:00000000 $t

NO UNDEFINED SYMBOLS
