ARM GAS  /var/folders/g1/j12m_ky910s3_sv7d4yrsdn00000gn/T//cc60imZ8.s 			page 1


   1              		.cpu cortex-m7
   2              		.arch armv7e-m
   3              		.fpu fpv5-d16
   4              		.eabi_attribute 28, 1
   5              		.eabi_attribute 20, 1
   6              		.eabi_attribute 21, 1
   7              		.eabi_attribute 23, 3
   8              		.eabi_attribute 24, 1
   9              		.eabi_attribute 25, 1
  10              		.eabi_attribute 26, 1
  11              		.eabi_attribute 30, 6
  12              		.eabi_attribute 34, 1
  13              		.eabi_attribute 18, 4
  14              		.file	"stm32h7xx_hal_i2c_ex.c"
  15              		.text
  16              	.Ltext0:
  17              		.cfi_sections	.debug_frame
  18              		.file 1 "Drivers/STM32H7xx_HAL_Driver/Src/stm32h7xx_hal_i2c_ex.c"
  19              		.section	.text.HAL_I2CEx_ConfigAnalogFilter,"ax",%progbits
  20              		.align	1
  21              		.global	HAL_I2CEx_ConfigAnalogFilter
  22              		.syntax unified
  23              		.thumb
  24              		.thumb_func
  26              	HAL_I2CEx_ConfigAnalogFilter:
  27              	.LFB144:
   1:Drivers/STM32H7xx_HAL_Driver/Src/stm32h7xx_hal_i2c_ex.c **** /**
   2:Drivers/STM32H7xx_HAL_Driver/Src/stm32h7xx_hal_i2c_ex.c ****   ******************************************************************************
   3:Drivers/STM32H7xx_HAL_Driver/Src/stm32h7xx_hal_i2c_ex.c ****   * @file    stm32h7xx_hal_i2c_ex.c
   4:Drivers/STM32H7xx_HAL_Driver/Src/stm32h7xx_hal_i2c_ex.c ****   * @author  MCD Application Team
   5:Drivers/STM32H7xx_HAL_Driver/Src/stm32h7xx_hal_i2c_ex.c ****   * @brief   I2C Extended HAL module driver.
   6:Drivers/STM32H7xx_HAL_Driver/Src/stm32h7xx_hal_i2c_ex.c ****   *          This file provides firmware functions to manage the following
   7:Drivers/STM32H7xx_HAL_Driver/Src/stm32h7xx_hal_i2c_ex.c ****   *          functionalities of I2C Extended peripheral:
   8:Drivers/STM32H7xx_HAL_Driver/Src/stm32h7xx_hal_i2c_ex.c ****   *           + Filter Mode Functions
   9:Drivers/STM32H7xx_HAL_Driver/Src/stm32h7xx_hal_i2c_ex.c ****   *           + WakeUp Mode Functions
  10:Drivers/STM32H7xx_HAL_Driver/Src/stm32h7xx_hal_i2c_ex.c ****   *           + FastModePlus Functions
  11:Drivers/STM32H7xx_HAL_Driver/Src/stm32h7xx_hal_i2c_ex.c ****   *
  12:Drivers/STM32H7xx_HAL_Driver/Src/stm32h7xx_hal_i2c_ex.c ****   ******************************************************************************
  13:Drivers/STM32H7xx_HAL_Driver/Src/stm32h7xx_hal_i2c_ex.c ****   * @attention
  14:Drivers/STM32H7xx_HAL_Driver/Src/stm32h7xx_hal_i2c_ex.c ****   *
  15:Drivers/STM32H7xx_HAL_Driver/Src/stm32h7xx_hal_i2c_ex.c ****   * Copyright (c) 2017 STMicroelectronics.
  16:Drivers/STM32H7xx_HAL_Driver/Src/stm32h7xx_hal_i2c_ex.c ****   * All rights reserved.
  17:Drivers/STM32H7xx_HAL_Driver/Src/stm32h7xx_hal_i2c_ex.c ****   *
  18:Drivers/STM32H7xx_HAL_Driver/Src/stm32h7xx_hal_i2c_ex.c ****   * This software is licensed under terms that can be found in the LICENSE file
  19:Drivers/STM32H7xx_HAL_Driver/Src/stm32h7xx_hal_i2c_ex.c ****   * in the root directory of this software component.
  20:Drivers/STM32H7xx_HAL_Driver/Src/stm32h7xx_hal_i2c_ex.c ****   * If no LICENSE file comes with this software, it is provided AS-IS.
  21:Drivers/STM32H7xx_HAL_Driver/Src/stm32h7xx_hal_i2c_ex.c ****   *
  22:Drivers/STM32H7xx_HAL_Driver/Src/stm32h7xx_hal_i2c_ex.c ****   ******************************************************************************
  23:Drivers/STM32H7xx_HAL_Driver/Src/stm32h7xx_hal_i2c_ex.c ****   @verbatim
  24:Drivers/STM32H7xx_HAL_Driver/Src/stm32h7xx_hal_i2c_ex.c ****   ==============================================================================
  25:Drivers/STM32H7xx_HAL_Driver/Src/stm32h7xx_hal_i2c_ex.c ****                ##### I2C peripheral Extended features  #####
  26:Drivers/STM32H7xx_HAL_Driver/Src/stm32h7xx_hal_i2c_ex.c ****   ==============================================================================
  27:Drivers/STM32H7xx_HAL_Driver/Src/stm32h7xx_hal_i2c_ex.c **** 
  28:Drivers/STM32H7xx_HAL_Driver/Src/stm32h7xx_hal_i2c_ex.c ****   [..] Comparing to other previous devices, the I2C interface for STM32H7xx
  29:Drivers/STM32H7xx_HAL_Driver/Src/stm32h7xx_hal_i2c_ex.c ****        devices contains the following additional features
  30:Drivers/STM32H7xx_HAL_Driver/Src/stm32h7xx_hal_i2c_ex.c **** 
  31:Drivers/STM32H7xx_HAL_Driver/Src/stm32h7xx_hal_i2c_ex.c ****        (+) Possibility to disable or enable Analog Noise Filter
ARM GAS  /var/folders/g1/j12m_ky910s3_sv7d4yrsdn00000gn/T//cc60imZ8.s 			page 2


  32:Drivers/STM32H7xx_HAL_Driver/Src/stm32h7xx_hal_i2c_ex.c ****        (+) Use of a configured Digital Noise Filter
  33:Drivers/STM32H7xx_HAL_Driver/Src/stm32h7xx_hal_i2c_ex.c ****        (+) Disable or enable wakeup from Stop mode(s)
  34:Drivers/STM32H7xx_HAL_Driver/Src/stm32h7xx_hal_i2c_ex.c ****        (+) Disable or enable Fast Mode Plus
  35:Drivers/STM32H7xx_HAL_Driver/Src/stm32h7xx_hal_i2c_ex.c **** 
  36:Drivers/STM32H7xx_HAL_Driver/Src/stm32h7xx_hal_i2c_ex.c ****                      ##### How to use this driver #####
  37:Drivers/STM32H7xx_HAL_Driver/Src/stm32h7xx_hal_i2c_ex.c ****   ==============================================================================
  38:Drivers/STM32H7xx_HAL_Driver/Src/stm32h7xx_hal_i2c_ex.c ****   [..] This driver provides functions to configure Noise Filter and Wake Up Feature
  39:Drivers/STM32H7xx_HAL_Driver/Src/stm32h7xx_hal_i2c_ex.c ****     (#) Configure I2C Analog noise filter using the function HAL_I2CEx_ConfigAnalogFilter()
  40:Drivers/STM32H7xx_HAL_Driver/Src/stm32h7xx_hal_i2c_ex.c ****     (#) Configure I2C Digital noise filter using the function HAL_I2CEx_ConfigDigitalFilter()
  41:Drivers/STM32H7xx_HAL_Driver/Src/stm32h7xx_hal_i2c_ex.c ****     (#) Configure the enable or disable of I2C Wake Up Mode using the functions :
  42:Drivers/STM32H7xx_HAL_Driver/Src/stm32h7xx_hal_i2c_ex.c ****           (++) HAL_I2CEx_EnableWakeUp()
  43:Drivers/STM32H7xx_HAL_Driver/Src/stm32h7xx_hal_i2c_ex.c ****           (++) HAL_I2CEx_DisableWakeUp()
  44:Drivers/STM32H7xx_HAL_Driver/Src/stm32h7xx_hal_i2c_ex.c ****     (#) Configure the enable or disable of fast mode plus driving capability using the functions :
  45:Drivers/STM32H7xx_HAL_Driver/Src/stm32h7xx_hal_i2c_ex.c ****           (++) HAL_I2CEx_EnableFastModePlus()
  46:Drivers/STM32H7xx_HAL_Driver/Src/stm32h7xx_hal_i2c_ex.c ****           (++) HAL_I2CEx_DisableFastModePlus()
  47:Drivers/STM32H7xx_HAL_Driver/Src/stm32h7xx_hal_i2c_ex.c ****   @endverbatim
  48:Drivers/STM32H7xx_HAL_Driver/Src/stm32h7xx_hal_i2c_ex.c ****   */
  49:Drivers/STM32H7xx_HAL_Driver/Src/stm32h7xx_hal_i2c_ex.c **** 
  50:Drivers/STM32H7xx_HAL_Driver/Src/stm32h7xx_hal_i2c_ex.c **** /* Includes ------------------------------------------------------------------*/
  51:Drivers/STM32H7xx_HAL_Driver/Src/stm32h7xx_hal_i2c_ex.c **** #include "stm32h7xx_hal.h"
  52:Drivers/STM32H7xx_HAL_Driver/Src/stm32h7xx_hal_i2c_ex.c **** 
  53:Drivers/STM32H7xx_HAL_Driver/Src/stm32h7xx_hal_i2c_ex.c **** /** @addtogroup STM32H7xx_HAL_Driver
  54:Drivers/STM32H7xx_HAL_Driver/Src/stm32h7xx_hal_i2c_ex.c ****   * @{
  55:Drivers/STM32H7xx_HAL_Driver/Src/stm32h7xx_hal_i2c_ex.c ****   */
  56:Drivers/STM32H7xx_HAL_Driver/Src/stm32h7xx_hal_i2c_ex.c **** 
  57:Drivers/STM32H7xx_HAL_Driver/Src/stm32h7xx_hal_i2c_ex.c **** /** @defgroup I2CEx I2CEx
  58:Drivers/STM32H7xx_HAL_Driver/Src/stm32h7xx_hal_i2c_ex.c ****   * @brief I2C Extended HAL module driver
  59:Drivers/STM32H7xx_HAL_Driver/Src/stm32h7xx_hal_i2c_ex.c ****   * @{
  60:Drivers/STM32H7xx_HAL_Driver/Src/stm32h7xx_hal_i2c_ex.c ****   */
  61:Drivers/STM32H7xx_HAL_Driver/Src/stm32h7xx_hal_i2c_ex.c **** 
  62:Drivers/STM32H7xx_HAL_Driver/Src/stm32h7xx_hal_i2c_ex.c **** #ifdef HAL_I2C_MODULE_ENABLED
  63:Drivers/STM32H7xx_HAL_Driver/Src/stm32h7xx_hal_i2c_ex.c **** 
  64:Drivers/STM32H7xx_HAL_Driver/Src/stm32h7xx_hal_i2c_ex.c **** /* Private typedef -----------------------------------------------------------*/
  65:Drivers/STM32H7xx_HAL_Driver/Src/stm32h7xx_hal_i2c_ex.c **** /* Private define ------------------------------------------------------------*/
  66:Drivers/STM32H7xx_HAL_Driver/Src/stm32h7xx_hal_i2c_ex.c **** /* Private macro -------------------------------------------------------------*/
  67:Drivers/STM32H7xx_HAL_Driver/Src/stm32h7xx_hal_i2c_ex.c **** /* Private variables ---------------------------------------------------------*/
  68:Drivers/STM32H7xx_HAL_Driver/Src/stm32h7xx_hal_i2c_ex.c **** /* Private function prototypes -----------------------------------------------*/
  69:Drivers/STM32H7xx_HAL_Driver/Src/stm32h7xx_hal_i2c_ex.c **** /* Private functions ---------------------------------------------------------*/
  70:Drivers/STM32H7xx_HAL_Driver/Src/stm32h7xx_hal_i2c_ex.c **** 
  71:Drivers/STM32H7xx_HAL_Driver/Src/stm32h7xx_hal_i2c_ex.c **** /** @defgroup I2CEx_Exported_Functions I2C Extended Exported Functions
  72:Drivers/STM32H7xx_HAL_Driver/Src/stm32h7xx_hal_i2c_ex.c ****   * @{
  73:Drivers/STM32H7xx_HAL_Driver/Src/stm32h7xx_hal_i2c_ex.c ****   */
  74:Drivers/STM32H7xx_HAL_Driver/Src/stm32h7xx_hal_i2c_ex.c **** 
  75:Drivers/STM32H7xx_HAL_Driver/Src/stm32h7xx_hal_i2c_ex.c **** /** @defgroup I2CEx_Exported_Functions_Group1 Filter Mode Functions
  76:Drivers/STM32H7xx_HAL_Driver/Src/stm32h7xx_hal_i2c_ex.c ****   * @brief    Filter Mode Functions
  77:Drivers/STM32H7xx_HAL_Driver/Src/stm32h7xx_hal_i2c_ex.c ****   *
  78:Drivers/STM32H7xx_HAL_Driver/Src/stm32h7xx_hal_i2c_ex.c **** @verbatim
  79:Drivers/STM32H7xx_HAL_Driver/Src/stm32h7xx_hal_i2c_ex.c ****  ===============================================================================
  80:Drivers/STM32H7xx_HAL_Driver/Src/stm32h7xx_hal_i2c_ex.c ****                       ##### Filter Mode Functions #####
  81:Drivers/STM32H7xx_HAL_Driver/Src/stm32h7xx_hal_i2c_ex.c ****  ===============================================================================
  82:Drivers/STM32H7xx_HAL_Driver/Src/stm32h7xx_hal_i2c_ex.c ****     [..] This section provides functions allowing to:
  83:Drivers/STM32H7xx_HAL_Driver/Src/stm32h7xx_hal_i2c_ex.c ****       (+) Configure Noise Filters
  84:Drivers/STM32H7xx_HAL_Driver/Src/stm32h7xx_hal_i2c_ex.c **** 
  85:Drivers/STM32H7xx_HAL_Driver/Src/stm32h7xx_hal_i2c_ex.c **** @endverbatim
  86:Drivers/STM32H7xx_HAL_Driver/Src/stm32h7xx_hal_i2c_ex.c ****   * @{
  87:Drivers/STM32H7xx_HAL_Driver/Src/stm32h7xx_hal_i2c_ex.c ****   */
  88:Drivers/STM32H7xx_HAL_Driver/Src/stm32h7xx_hal_i2c_ex.c **** 
ARM GAS  /var/folders/g1/j12m_ky910s3_sv7d4yrsdn00000gn/T//cc60imZ8.s 			page 3


  89:Drivers/STM32H7xx_HAL_Driver/Src/stm32h7xx_hal_i2c_ex.c **** /**
  90:Drivers/STM32H7xx_HAL_Driver/Src/stm32h7xx_hal_i2c_ex.c ****   * @brief  Configure I2C Analog noise filter.
  91:Drivers/STM32H7xx_HAL_Driver/Src/stm32h7xx_hal_i2c_ex.c ****   * @param  hi2c Pointer to a I2C_HandleTypeDef structure that contains
  92:Drivers/STM32H7xx_HAL_Driver/Src/stm32h7xx_hal_i2c_ex.c ****   *                the configuration information for the specified I2Cx peripheral.
  93:Drivers/STM32H7xx_HAL_Driver/Src/stm32h7xx_hal_i2c_ex.c ****   * @param  AnalogFilter New state of the Analog filter.
  94:Drivers/STM32H7xx_HAL_Driver/Src/stm32h7xx_hal_i2c_ex.c ****   * @retval HAL status
  95:Drivers/STM32H7xx_HAL_Driver/Src/stm32h7xx_hal_i2c_ex.c ****   */
  96:Drivers/STM32H7xx_HAL_Driver/Src/stm32h7xx_hal_i2c_ex.c **** HAL_StatusTypeDef HAL_I2CEx_ConfigAnalogFilter(I2C_HandleTypeDef *hi2c, uint32_t AnalogFilter)
  97:Drivers/STM32H7xx_HAL_Driver/Src/stm32h7xx_hal_i2c_ex.c **** {
  28              		.loc 1 97 1
  29              		.cfi_startproc
  30              		@ args = 0, pretend = 0, frame = 8
  31              		@ frame_needed = 1, uses_anonymous_args = 0
  32              		@ link register save eliminated.
  33 0000 80B4     		push	{r7}
  34              	.LCFI0:
  35              		.cfi_def_cfa_offset 4
  36              		.cfi_offset 7, -4
  37 0002 83B0     		sub	sp, sp, #12
  38              	.LCFI1:
  39              		.cfi_def_cfa_offset 16
  40 0004 00AF     		add	r7, sp, #0
  41              	.LCFI2:
  42              		.cfi_def_cfa_register 7
  43 0006 7860     		str	r0, [r7, #4]
  44 0008 3960     		str	r1, [r7]
  98:Drivers/STM32H7xx_HAL_Driver/Src/stm32h7xx_hal_i2c_ex.c ****   /* Check the parameters */
  99:Drivers/STM32H7xx_HAL_Driver/Src/stm32h7xx_hal_i2c_ex.c ****   assert_param(IS_I2C_ALL_INSTANCE(hi2c->Instance));
 100:Drivers/STM32H7xx_HAL_Driver/Src/stm32h7xx_hal_i2c_ex.c ****   assert_param(IS_I2C_ANALOG_FILTER(AnalogFilter));
 101:Drivers/STM32H7xx_HAL_Driver/Src/stm32h7xx_hal_i2c_ex.c **** 
 102:Drivers/STM32H7xx_HAL_Driver/Src/stm32h7xx_hal_i2c_ex.c ****   if (hi2c->State == HAL_I2C_STATE_READY)
  45              		.loc 1 102 11
  46 000a 7B68     		ldr	r3, [r7, #4]
  47 000c 93F84130 		ldrb	r3, [r3, #65]
  48 0010 DBB2     		uxtb	r3, r3
  49              		.loc 1 102 6
  50 0012 202B     		cmp	r3, #32
  51 0014 38D1     		bne	.L2
 103:Drivers/STM32H7xx_HAL_Driver/Src/stm32h7xx_hal_i2c_ex.c ****   {
 104:Drivers/STM32H7xx_HAL_Driver/Src/stm32h7xx_hal_i2c_ex.c ****     /* Process Locked */
 105:Drivers/STM32H7xx_HAL_Driver/Src/stm32h7xx_hal_i2c_ex.c ****     __HAL_LOCK(hi2c);
  52              		.loc 1 105 5
  53 0016 7B68     		ldr	r3, [r7, #4]
  54 0018 93F84030 		ldrb	r3, [r3, #64]	@ zero_extendqisi2
  55 001c 012B     		cmp	r3, #1
  56 001e 01D1     		bne	.L3
  57              		.loc 1 105 5 is_stmt 0 discriminator 1
  58 0020 0223     		movs	r3, #2
  59              		.loc 1 105 5
  60 0022 32E0     		b	.L4
  61              	.L3:
  62              		.loc 1 105 5 discriminator 2
  63 0024 7B68     		ldr	r3, [r7, #4]
  64 0026 0122     		movs	r2, #1
  65 0028 83F84020 		strb	r2, [r3, #64]
 106:Drivers/STM32H7xx_HAL_Driver/Src/stm32h7xx_hal_i2c_ex.c **** 
 107:Drivers/STM32H7xx_HAL_Driver/Src/stm32h7xx_hal_i2c_ex.c ****     hi2c->State = HAL_I2C_STATE_BUSY;
ARM GAS  /var/folders/g1/j12m_ky910s3_sv7d4yrsdn00000gn/T//cc60imZ8.s 			page 4


  66              		.loc 1 107 17 is_stmt 1
  67 002c 7B68     		ldr	r3, [r7, #4]
  68 002e 2422     		movs	r2, #36
  69 0030 83F84120 		strb	r2, [r3, #65]
 108:Drivers/STM32H7xx_HAL_Driver/Src/stm32h7xx_hal_i2c_ex.c **** 
 109:Drivers/STM32H7xx_HAL_Driver/Src/stm32h7xx_hal_i2c_ex.c ****     /* Disable the selected I2C peripheral */
 110:Drivers/STM32H7xx_HAL_Driver/Src/stm32h7xx_hal_i2c_ex.c ****     __HAL_I2C_DISABLE(hi2c);
  70              		.loc 1 110 5
  71 0034 7B68     		ldr	r3, [r7, #4]
  72 0036 1B68     		ldr	r3, [r3]
  73 0038 1A68     		ldr	r2, [r3]
  74 003a 7B68     		ldr	r3, [r7, #4]
  75 003c 1B68     		ldr	r3, [r3]
  76 003e 22F00102 		bic	r2, r2, #1
  77 0042 1A60     		str	r2, [r3]
 111:Drivers/STM32H7xx_HAL_Driver/Src/stm32h7xx_hal_i2c_ex.c **** 
 112:Drivers/STM32H7xx_HAL_Driver/Src/stm32h7xx_hal_i2c_ex.c ****     /* Reset I2Cx ANOFF bit */
 113:Drivers/STM32H7xx_HAL_Driver/Src/stm32h7xx_hal_i2c_ex.c ****     hi2c->Instance->CR1 &= ~(I2C_CR1_ANFOFF);
  78              		.loc 1 113 9
  79 0044 7B68     		ldr	r3, [r7, #4]
  80 0046 1B68     		ldr	r3, [r3]
  81              		.loc 1 113 19
  82 0048 1A68     		ldr	r2, [r3]
  83              		.loc 1 113 9
  84 004a 7B68     		ldr	r3, [r7, #4]
  85 004c 1B68     		ldr	r3, [r3]
  86              		.loc 1 113 25
  87 004e 22F48052 		bic	r2, r2, #4096
  88 0052 1A60     		str	r2, [r3]
 114:Drivers/STM32H7xx_HAL_Driver/Src/stm32h7xx_hal_i2c_ex.c **** 
 115:Drivers/STM32H7xx_HAL_Driver/Src/stm32h7xx_hal_i2c_ex.c ****     /* Set analog filter bit*/
 116:Drivers/STM32H7xx_HAL_Driver/Src/stm32h7xx_hal_i2c_ex.c ****     hi2c->Instance->CR1 |= AnalogFilter;
  89              		.loc 1 116 9
  90 0054 7B68     		ldr	r3, [r7, #4]
  91 0056 1B68     		ldr	r3, [r3]
  92              		.loc 1 116 19
  93 0058 1968     		ldr	r1, [r3]
  94              		.loc 1 116 9
  95 005a 7B68     		ldr	r3, [r7, #4]
  96 005c 1B68     		ldr	r3, [r3]
  97              		.loc 1 116 25
  98 005e 3A68     		ldr	r2, [r7]
  99 0060 0A43     		orrs	r2, r2, r1
 100 0062 1A60     		str	r2, [r3]
 117:Drivers/STM32H7xx_HAL_Driver/Src/stm32h7xx_hal_i2c_ex.c **** 
 118:Drivers/STM32H7xx_HAL_Driver/Src/stm32h7xx_hal_i2c_ex.c ****     __HAL_I2C_ENABLE(hi2c);
 101              		.loc 1 118 5
 102 0064 7B68     		ldr	r3, [r7, #4]
 103 0066 1B68     		ldr	r3, [r3]
 104 0068 1A68     		ldr	r2, [r3]
 105 006a 7B68     		ldr	r3, [r7, #4]
 106 006c 1B68     		ldr	r3, [r3]
 107 006e 42F00102 		orr	r2, r2, #1
 108 0072 1A60     		str	r2, [r3]
 119:Drivers/STM32H7xx_HAL_Driver/Src/stm32h7xx_hal_i2c_ex.c **** 
 120:Drivers/STM32H7xx_HAL_Driver/Src/stm32h7xx_hal_i2c_ex.c ****     hi2c->State = HAL_I2C_STATE_READY;
 109              		.loc 1 120 17
ARM GAS  /var/folders/g1/j12m_ky910s3_sv7d4yrsdn00000gn/T//cc60imZ8.s 			page 5


 110 0074 7B68     		ldr	r3, [r7, #4]
 111 0076 2022     		movs	r2, #32
 112 0078 83F84120 		strb	r2, [r3, #65]
 121:Drivers/STM32H7xx_HAL_Driver/Src/stm32h7xx_hal_i2c_ex.c **** 
 122:Drivers/STM32H7xx_HAL_Driver/Src/stm32h7xx_hal_i2c_ex.c ****     /* Process Unlocked */
 123:Drivers/STM32H7xx_HAL_Driver/Src/stm32h7xx_hal_i2c_ex.c ****     __HAL_UNLOCK(hi2c);
 113              		.loc 1 123 5
 114 007c 7B68     		ldr	r3, [r7, #4]
 115 007e 0022     		movs	r2, #0
 116 0080 83F84020 		strb	r2, [r3, #64]
 124:Drivers/STM32H7xx_HAL_Driver/Src/stm32h7xx_hal_i2c_ex.c **** 
 125:Drivers/STM32H7xx_HAL_Driver/Src/stm32h7xx_hal_i2c_ex.c ****     return HAL_OK;
 117              		.loc 1 125 12
 118 0084 0023     		movs	r3, #0
 119 0086 00E0     		b	.L4
 120              	.L2:
 126:Drivers/STM32H7xx_HAL_Driver/Src/stm32h7xx_hal_i2c_ex.c ****   }
 127:Drivers/STM32H7xx_HAL_Driver/Src/stm32h7xx_hal_i2c_ex.c ****   else
 128:Drivers/STM32H7xx_HAL_Driver/Src/stm32h7xx_hal_i2c_ex.c ****   {
 129:Drivers/STM32H7xx_HAL_Driver/Src/stm32h7xx_hal_i2c_ex.c ****     return HAL_BUSY;
 121              		.loc 1 129 12
 122 0088 0223     		movs	r3, #2
 123              	.L4:
 130:Drivers/STM32H7xx_HAL_Driver/Src/stm32h7xx_hal_i2c_ex.c ****   }
 131:Drivers/STM32H7xx_HAL_Driver/Src/stm32h7xx_hal_i2c_ex.c **** }
 124              		.loc 1 131 1
 125 008a 1846     		mov	r0, r3
 126 008c 0C37     		adds	r7, r7, #12
 127              	.LCFI3:
 128              		.cfi_def_cfa_offset 4
 129 008e BD46     		mov	sp, r7
 130              	.LCFI4:
 131              		.cfi_def_cfa_register 13
 132              		@ sp needed
 133 0090 5DF8047B 		ldr	r7, [sp], #4
 134              	.LCFI5:
 135              		.cfi_restore 7
 136              		.cfi_def_cfa_offset 0
 137 0094 7047     		bx	lr
 138              		.cfi_endproc
 139              	.LFE144:
 141              		.section	.text.HAL_I2CEx_ConfigDigitalFilter,"ax",%progbits
 142              		.align	1
 143              		.global	HAL_I2CEx_ConfigDigitalFilter
 144              		.syntax unified
 145              		.thumb
 146              		.thumb_func
 148              	HAL_I2CEx_ConfigDigitalFilter:
 149              	.LFB145:
 132:Drivers/STM32H7xx_HAL_Driver/Src/stm32h7xx_hal_i2c_ex.c **** 
 133:Drivers/STM32H7xx_HAL_Driver/Src/stm32h7xx_hal_i2c_ex.c **** /**
 134:Drivers/STM32H7xx_HAL_Driver/Src/stm32h7xx_hal_i2c_ex.c ****   * @brief  Configure I2C Digital noise filter.
 135:Drivers/STM32H7xx_HAL_Driver/Src/stm32h7xx_hal_i2c_ex.c ****   * @param  hi2c Pointer to a I2C_HandleTypeDef structure that contains
 136:Drivers/STM32H7xx_HAL_Driver/Src/stm32h7xx_hal_i2c_ex.c ****   *                the configuration information for the specified I2Cx peripheral.
 137:Drivers/STM32H7xx_HAL_Driver/Src/stm32h7xx_hal_i2c_ex.c ****   * @param  DigitalFilter Coefficient of digital noise filter between Min_Data=0x00 and Max_Data=0x
 138:Drivers/STM32H7xx_HAL_Driver/Src/stm32h7xx_hal_i2c_ex.c ****   * @retval HAL status
 139:Drivers/STM32H7xx_HAL_Driver/Src/stm32h7xx_hal_i2c_ex.c ****   */
ARM GAS  /var/folders/g1/j12m_ky910s3_sv7d4yrsdn00000gn/T//cc60imZ8.s 			page 6


 140:Drivers/STM32H7xx_HAL_Driver/Src/stm32h7xx_hal_i2c_ex.c **** HAL_StatusTypeDef HAL_I2CEx_ConfigDigitalFilter(I2C_HandleTypeDef *hi2c, uint32_t DigitalFilter)
 141:Drivers/STM32H7xx_HAL_Driver/Src/stm32h7xx_hal_i2c_ex.c **** {
 150              		.loc 1 141 1
 151              		.cfi_startproc
 152              		@ args = 0, pretend = 0, frame = 16
 153              		@ frame_needed = 1, uses_anonymous_args = 0
 154              		@ link register save eliminated.
 155 0000 80B4     		push	{r7}
 156              	.LCFI6:
 157              		.cfi_def_cfa_offset 4
 158              		.cfi_offset 7, -4
 159 0002 85B0     		sub	sp, sp, #20
 160              	.LCFI7:
 161              		.cfi_def_cfa_offset 24
 162 0004 00AF     		add	r7, sp, #0
 163              	.LCFI8:
 164              		.cfi_def_cfa_register 7
 165 0006 7860     		str	r0, [r7, #4]
 166 0008 3960     		str	r1, [r7]
 142:Drivers/STM32H7xx_HAL_Driver/Src/stm32h7xx_hal_i2c_ex.c ****   uint32_t tmpreg;
 143:Drivers/STM32H7xx_HAL_Driver/Src/stm32h7xx_hal_i2c_ex.c **** 
 144:Drivers/STM32H7xx_HAL_Driver/Src/stm32h7xx_hal_i2c_ex.c ****   /* Check the parameters */
 145:Drivers/STM32H7xx_HAL_Driver/Src/stm32h7xx_hal_i2c_ex.c ****   assert_param(IS_I2C_ALL_INSTANCE(hi2c->Instance));
 146:Drivers/STM32H7xx_HAL_Driver/Src/stm32h7xx_hal_i2c_ex.c ****   assert_param(IS_I2C_DIGITAL_FILTER(DigitalFilter));
 147:Drivers/STM32H7xx_HAL_Driver/Src/stm32h7xx_hal_i2c_ex.c **** 
 148:Drivers/STM32H7xx_HAL_Driver/Src/stm32h7xx_hal_i2c_ex.c ****   if (hi2c->State == HAL_I2C_STATE_READY)
 167              		.loc 1 148 11
 168 000a 7B68     		ldr	r3, [r7, #4]
 169 000c 93F84130 		ldrb	r3, [r3, #65]
 170 0010 DBB2     		uxtb	r3, r3
 171              		.loc 1 148 6
 172 0012 202B     		cmp	r3, #32
 173 0014 39D1     		bne	.L6
 149:Drivers/STM32H7xx_HAL_Driver/Src/stm32h7xx_hal_i2c_ex.c ****   {
 150:Drivers/STM32H7xx_HAL_Driver/Src/stm32h7xx_hal_i2c_ex.c ****     /* Process Locked */
 151:Drivers/STM32H7xx_HAL_Driver/Src/stm32h7xx_hal_i2c_ex.c ****     __HAL_LOCK(hi2c);
 174              		.loc 1 151 5
 175 0016 7B68     		ldr	r3, [r7, #4]
 176 0018 93F84030 		ldrb	r3, [r3, #64]	@ zero_extendqisi2
 177 001c 012B     		cmp	r3, #1
 178 001e 01D1     		bne	.L7
 179              		.loc 1 151 5 is_stmt 0 discriminator 1
 180 0020 0223     		movs	r3, #2
 181              		.loc 1 151 5
 182 0022 33E0     		b	.L8
 183              	.L7:
 184              		.loc 1 151 5 discriminator 2
 185 0024 7B68     		ldr	r3, [r7, #4]
 186 0026 0122     		movs	r2, #1
 187 0028 83F84020 		strb	r2, [r3, #64]
 152:Drivers/STM32H7xx_HAL_Driver/Src/stm32h7xx_hal_i2c_ex.c **** 
 153:Drivers/STM32H7xx_HAL_Driver/Src/stm32h7xx_hal_i2c_ex.c ****     hi2c->State = HAL_I2C_STATE_BUSY;
 188              		.loc 1 153 17 is_stmt 1
 189 002c 7B68     		ldr	r3, [r7, #4]
 190 002e 2422     		movs	r2, #36
 191 0030 83F84120 		strb	r2, [r3, #65]
 154:Drivers/STM32H7xx_HAL_Driver/Src/stm32h7xx_hal_i2c_ex.c **** 
ARM GAS  /var/folders/g1/j12m_ky910s3_sv7d4yrsdn00000gn/T//cc60imZ8.s 			page 7


 155:Drivers/STM32H7xx_HAL_Driver/Src/stm32h7xx_hal_i2c_ex.c ****     /* Disable the selected I2C peripheral */
 156:Drivers/STM32H7xx_HAL_Driver/Src/stm32h7xx_hal_i2c_ex.c ****     __HAL_I2C_DISABLE(hi2c);
 192              		.loc 1 156 5
 193 0034 7B68     		ldr	r3, [r7, #4]
 194 0036 1B68     		ldr	r3, [r3]
 195 0038 1A68     		ldr	r2, [r3]
 196 003a 7B68     		ldr	r3, [r7, #4]
 197 003c 1B68     		ldr	r3, [r3]
 198 003e 22F00102 		bic	r2, r2, #1
 199 0042 1A60     		str	r2, [r3]
 157:Drivers/STM32H7xx_HAL_Driver/Src/stm32h7xx_hal_i2c_ex.c **** 
 158:Drivers/STM32H7xx_HAL_Driver/Src/stm32h7xx_hal_i2c_ex.c ****     /* Get the old register value */
 159:Drivers/STM32H7xx_HAL_Driver/Src/stm32h7xx_hal_i2c_ex.c ****     tmpreg = hi2c->Instance->CR1;
 200              		.loc 1 159 18
 201 0044 7B68     		ldr	r3, [r7, #4]
 202 0046 1B68     		ldr	r3, [r3]
 203              		.loc 1 159 12
 204 0048 1B68     		ldr	r3, [r3]
 205 004a FB60     		str	r3, [r7, #12]
 160:Drivers/STM32H7xx_HAL_Driver/Src/stm32h7xx_hal_i2c_ex.c **** 
 161:Drivers/STM32H7xx_HAL_Driver/Src/stm32h7xx_hal_i2c_ex.c ****     /* Reset I2Cx DNF bits [11:8] */
 162:Drivers/STM32H7xx_HAL_Driver/Src/stm32h7xx_hal_i2c_ex.c ****     tmpreg &= ~(I2C_CR1_DNF);
 206              		.loc 1 162 12
 207 004c FB68     		ldr	r3, [r7, #12]
 208 004e 23F47063 		bic	r3, r3, #3840
 209 0052 FB60     		str	r3, [r7, #12]
 163:Drivers/STM32H7xx_HAL_Driver/Src/stm32h7xx_hal_i2c_ex.c **** 
 164:Drivers/STM32H7xx_HAL_Driver/Src/stm32h7xx_hal_i2c_ex.c ****     /* Set I2Cx DNF coefficient */
 165:Drivers/STM32H7xx_HAL_Driver/Src/stm32h7xx_hal_i2c_ex.c ****     tmpreg |= DigitalFilter << 8U;
 210              		.loc 1 165 29
 211 0054 3B68     		ldr	r3, [r7]
 212 0056 1B02     		lsls	r3, r3, #8
 213              		.loc 1 165 12
 214 0058 FA68     		ldr	r2, [r7, #12]
 215 005a 1343     		orrs	r3, r3, r2
 216 005c FB60     		str	r3, [r7, #12]
 166:Drivers/STM32H7xx_HAL_Driver/Src/stm32h7xx_hal_i2c_ex.c **** 
 167:Drivers/STM32H7xx_HAL_Driver/Src/stm32h7xx_hal_i2c_ex.c ****     /* Store the new register value */
 168:Drivers/STM32H7xx_HAL_Driver/Src/stm32h7xx_hal_i2c_ex.c ****     hi2c->Instance->CR1 = tmpreg;
 217              		.loc 1 168 9
 218 005e 7B68     		ldr	r3, [r7, #4]
 219 0060 1B68     		ldr	r3, [r3]
 220              		.loc 1 168 25
 221 0062 FA68     		ldr	r2, [r7, #12]
 222 0064 1A60     		str	r2, [r3]
 169:Drivers/STM32H7xx_HAL_Driver/Src/stm32h7xx_hal_i2c_ex.c **** 
 170:Drivers/STM32H7xx_HAL_Driver/Src/stm32h7xx_hal_i2c_ex.c ****     __HAL_I2C_ENABLE(hi2c);
 223              		.loc 1 170 5
 224 0066 7B68     		ldr	r3, [r7, #4]
 225 0068 1B68     		ldr	r3, [r3]
 226 006a 1A68     		ldr	r2, [r3]
 227 006c 7B68     		ldr	r3, [r7, #4]
 228 006e 1B68     		ldr	r3, [r3]
 229 0070 42F00102 		orr	r2, r2, #1
 230 0074 1A60     		str	r2, [r3]
 171:Drivers/STM32H7xx_HAL_Driver/Src/stm32h7xx_hal_i2c_ex.c **** 
 172:Drivers/STM32H7xx_HAL_Driver/Src/stm32h7xx_hal_i2c_ex.c ****     hi2c->State = HAL_I2C_STATE_READY;
ARM GAS  /var/folders/g1/j12m_ky910s3_sv7d4yrsdn00000gn/T//cc60imZ8.s 			page 8


 231              		.loc 1 172 17
 232 0076 7B68     		ldr	r3, [r7, #4]
 233 0078 2022     		movs	r2, #32
 234 007a 83F84120 		strb	r2, [r3, #65]
 173:Drivers/STM32H7xx_HAL_Driver/Src/stm32h7xx_hal_i2c_ex.c **** 
 174:Drivers/STM32H7xx_HAL_Driver/Src/stm32h7xx_hal_i2c_ex.c ****     /* Process Unlocked */
 175:Drivers/STM32H7xx_HAL_Driver/Src/stm32h7xx_hal_i2c_ex.c ****     __HAL_UNLOCK(hi2c);
 235              		.loc 1 175 5
 236 007e 7B68     		ldr	r3, [r7, #4]
 237 0080 0022     		movs	r2, #0
 238 0082 83F84020 		strb	r2, [r3, #64]
 176:Drivers/STM32H7xx_HAL_Driver/Src/stm32h7xx_hal_i2c_ex.c **** 
 177:Drivers/STM32H7xx_HAL_Driver/Src/stm32h7xx_hal_i2c_ex.c ****     return HAL_OK;
 239              		.loc 1 177 12
 240 0086 0023     		movs	r3, #0
 241 0088 00E0     		b	.L8
 242              	.L6:
 178:Drivers/STM32H7xx_HAL_Driver/Src/stm32h7xx_hal_i2c_ex.c ****   }
 179:Drivers/STM32H7xx_HAL_Driver/Src/stm32h7xx_hal_i2c_ex.c ****   else
 180:Drivers/STM32H7xx_HAL_Driver/Src/stm32h7xx_hal_i2c_ex.c ****   {
 181:Drivers/STM32H7xx_HAL_Driver/Src/stm32h7xx_hal_i2c_ex.c ****     return HAL_BUSY;
 243              		.loc 1 181 12
 244 008a 0223     		movs	r3, #2
 245              	.L8:
 182:Drivers/STM32H7xx_HAL_Driver/Src/stm32h7xx_hal_i2c_ex.c ****   }
 183:Drivers/STM32H7xx_HAL_Driver/Src/stm32h7xx_hal_i2c_ex.c **** }
 246              		.loc 1 183 1
 247 008c 1846     		mov	r0, r3
 248 008e 1437     		adds	r7, r7, #20
 249              	.LCFI9:
 250              		.cfi_def_cfa_offset 4
 251 0090 BD46     		mov	sp, r7
 252              	.LCFI10:
 253              		.cfi_def_cfa_register 13
 254              		@ sp needed
 255 0092 5DF8047B 		ldr	r7, [sp], #4
 256              	.LCFI11:
 257              		.cfi_restore 7
 258              		.cfi_def_cfa_offset 0
 259 0096 7047     		bx	lr
 260              		.cfi_endproc
 261              	.LFE145:
 263              		.section	.text.HAL_I2CEx_EnableWakeUp,"ax",%progbits
 264              		.align	1
 265              		.global	HAL_I2CEx_EnableWakeUp
 266              		.syntax unified
 267              		.thumb
 268              		.thumb_func
 270              	HAL_I2CEx_EnableWakeUp:
 271              	.LFB146:
 184:Drivers/STM32H7xx_HAL_Driver/Src/stm32h7xx_hal_i2c_ex.c **** /**
 185:Drivers/STM32H7xx_HAL_Driver/Src/stm32h7xx_hal_i2c_ex.c ****   * @}
 186:Drivers/STM32H7xx_HAL_Driver/Src/stm32h7xx_hal_i2c_ex.c ****   */
 187:Drivers/STM32H7xx_HAL_Driver/Src/stm32h7xx_hal_i2c_ex.c **** 
 188:Drivers/STM32H7xx_HAL_Driver/Src/stm32h7xx_hal_i2c_ex.c **** /** @defgroup I2CEx_Exported_Functions_Group2 WakeUp Mode Functions
 189:Drivers/STM32H7xx_HAL_Driver/Src/stm32h7xx_hal_i2c_ex.c ****   * @brief    WakeUp Mode Functions
 190:Drivers/STM32H7xx_HAL_Driver/Src/stm32h7xx_hal_i2c_ex.c ****   *
ARM GAS  /var/folders/g1/j12m_ky910s3_sv7d4yrsdn00000gn/T//cc60imZ8.s 			page 9


 191:Drivers/STM32H7xx_HAL_Driver/Src/stm32h7xx_hal_i2c_ex.c **** @verbatim
 192:Drivers/STM32H7xx_HAL_Driver/Src/stm32h7xx_hal_i2c_ex.c ****  ===============================================================================
 193:Drivers/STM32H7xx_HAL_Driver/Src/stm32h7xx_hal_i2c_ex.c ****                       ##### WakeUp Mode Functions #####
 194:Drivers/STM32H7xx_HAL_Driver/Src/stm32h7xx_hal_i2c_ex.c ****  ===============================================================================
 195:Drivers/STM32H7xx_HAL_Driver/Src/stm32h7xx_hal_i2c_ex.c ****     [..] This section provides functions allowing to:
 196:Drivers/STM32H7xx_HAL_Driver/Src/stm32h7xx_hal_i2c_ex.c ****       (+) Configure Wake Up Feature
 197:Drivers/STM32H7xx_HAL_Driver/Src/stm32h7xx_hal_i2c_ex.c **** 
 198:Drivers/STM32H7xx_HAL_Driver/Src/stm32h7xx_hal_i2c_ex.c **** @endverbatim
 199:Drivers/STM32H7xx_HAL_Driver/Src/stm32h7xx_hal_i2c_ex.c ****   * @{
 200:Drivers/STM32H7xx_HAL_Driver/Src/stm32h7xx_hal_i2c_ex.c ****   */
 201:Drivers/STM32H7xx_HAL_Driver/Src/stm32h7xx_hal_i2c_ex.c **** 
 202:Drivers/STM32H7xx_HAL_Driver/Src/stm32h7xx_hal_i2c_ex.c **** /**
 203:Drivers/STM32H7xx_HAL_Driver/Src/stm32h7xx_hal_i2c_ex.c ****   * @brief  Enable I2C wakeup from Stop mode(s).
 204:Drivers/STM32H7xx_HAL_Driver/Src/stm32h7xx_hal_i2c_ex.c ****   * @param  hi2c Pointer to a I2C_HandleTypeDef structure that contains
 205:Drivers/STM32H7xx_HAL_Driver/Src/stm32h7xx_hal_i2c_ex.c ****   *                the configuration information for the specified I2Cx peripheral.
 206:Drivers/STM32H7xx_HAL_Driver/Src/stm32h7xx_hal_i2c_ex.c ****   * @retval HAL status
 207:Drivers/STM32H7xx_HAL_Driver/Src/stm32h7xx_hal_i2c_ex.c ****   */
 208:Drivers/STM32H7xx_HAL_Driver/Src/stm32h7xx_hal_i2c_ex.c **** HAL_StatusTypeDef HAL_I2CEx_EnableWakeUp(I2C_HandleTypeDef *hi2c)
 209:Drivers/STM32H7xx_HAL_Driver/Src/stm32h7xx_hal_i2c_ex.c **** {
 272              		.loc 1 209 1
 273              		.cfi_startproc
 274              		@ args = 0, pretend = 0, frame = 8
 275              		@ frame_needed = 1, uses_anonymous_args = 0
 276              		@ link register save eliminated.
 277 0000 80B4     		push	{r7}
 278              	.LCFI12:
 279              		.cfi_def_cfa_offset 4
 280              		.cfi_offset 7, -4
 281 0002 83B0     		sub	sp, sp, #12
 282              	.LCFI13:
 283              		.cfi_def_cfa_offset 16
 284 0004 00AF     		add	r7, sp, #0
 285              	.LCFI14:
 286              		.cfi_def_cfa_register 7
 287 0006 7860     		str	r0, [r7, #4]
 210:Drivers/STM32H7xx_HAL_Driver/Src/stm32h7xx_hal_i2c_ex.c ****   /* Check the parameters */
 211:Drivers/STM32H7xx_HAL_Driver/Src/stm32h7xx_hal_i2c_ex.c ****   assert_param(IS_I2C_WAKEUP_FROMSTOP_INSTANCE(hi2c->Instance));
 212:Drivers/STM32H7xx_HAL_Driver/Src/stm32h7xx_hal_i2c_ex.c **** 
 213:Drivers/STM32H7xx_HAL_Driver/Src/stm32h7xx_hal_i2c_ex.c ****   if (hi2c->State == HAL_I2C_STATE_READY)
 288              		.loc 1 213 11
 289 0008 7B68     		ldr	r3, [r7, #4]
 290 000a 93F84130 		ldrb	r3, [r3, #65]
 291 000e DBB2     		uxtb	r3, r3
 292              		.loc 1 213 6
 293 0010 202B     		cmp	r3, #32
 294 0012 30D1     		bne	.L10
 214:Drivers/STM32H7xx_HAL_Driver/Src/stm32h7xx_hal_i2c_ex.c ****   {
 215:Drivers/STM32H7xx_HAL_Driver/Src/stm32h7xx_hal_i2c_ex.c ****     /* Process Locked */
 216:Drivers/STM32H7xx_HAL_Driver/Src/stm32h7xx_hal_i2c_ex.c ****     __HAL_LOCK(hi2c);
 295              		.loc 1 216 5
 296 0014 7B68     		ldr	r3, [r7, #4]
 297 0016 93F84030 		ldrb	r3, [r3, #64]	@ zero_extendqisi2
 298 001a 012B     		cmp	r3, #1
 299 001c 01D1     		bne	.L11
 300              		.loc 1 216 5 is_stmt 0 discriminator 1
 301 001e 0223     		movs	r3, #2
 302              		.loc 1 216 5
ARM GAS  /var/folders/g1/j12m_ky910s3_sv7d4yrsdn00000gn/T//cc60imZ8.s 			page 10


 303 0020 2AE0     		b	.L12
 304              	.L11:
 305              		.loc 1 216 5 discriminator 2
 306 0022 7B68     		ldr	r3, [r7, #4]
 307 0024 0122     		movs	r2, #1
 308 0026 83F84020 		strb	r2, [r3, #64]
 217:Drivers/STM32H7xx_HAL_Driver/Src/stm32h7xx_hal_i2c_ex.c **** 
 218:Drivers/STM32H7xx_HAL_Driver/Src/stm32h7xx_hal_i2c_ex.c ****     hi2c->State = HAL_I2C_STATE_BUSY;
 309              		.loc 1 218 17 is_stmt 1
 310 002a 7B68     		ldr	r3, [r7, #4]
 311 002c 2422     		movs	r2, #36
 312 002e 83F84120 		strb	r2, [r3, #65]
 219:Drivers/STM32H7xx_HAL_Driver/Src/stm32h7xx_hal_i2c_ex.c **** 
 220:Drivers/STM32H7xx_HAL_Driver/Src/stm32h7xx_hal_i2c_ex.c ****     /* Disable the selected I2C peripheral */
 221:Drivers/STM32H7xx_HAL_Driver/Src/stm32h7xx_hal_i2c_ex.c ****     __HAL_I2C_DISABLE(hi2c);
 313              		.loc 1 221 5
 314 0032 7B68     		ldr	r3, [r7, #4]
 315 0034 1B68     		ldr	r3, [r3]
 316 0036 1A68     		ldr	r2, [r3]
 317 0038 7B68     		ldr	r3, [r7, #4]
 318 003a 1B68     		ldr	r3, [r3]
 319 003c 22F00102 		bic	r2, r2, #1
 320 0040 1A60     		str	r2, [r3]
 222:Drivers/STM32H7xx_HAL_Driver/Src/stm32h7xx_hal_i2c_ex.c **** 
 223:Drivers/STM32H7xx_HAL_Driver/Src/stm32h7xx_hal_i2c_ex.c ****     /* Enable wakeup from stop mode */
 224:Drivers/STM32H7xx_HAL_Driver/Src/stm32h7xx_hal_i2c_ex.c ****     hi2c->Instance->CR1 |= I2C_CR1_WUPEN;
 321              		.loc 1 224 9
 322 0042 7B68     		ldr	r3, [r7, #4]
 323 0044 1B68     		ldr	r3, [r3]
 324              		.loc 1 224 19
 325 0046 1A68     		ldr	r2, [r3]
 326              		.loc 1 224 9
 327 0048 7B68     		ldr	r3, [r7, #4]
 328 004a 1B68     		ldr	r3, [r3]
 329              		.loc 1 224 25
 330 004c 42F48022 		orr	r2, r2, #262144
 331 0050 1A60     		str	r2, [r3]
 225:Drivers/STM32H7xx_HAL_Driver/Src/stm32h7xx_hal_i2c_ex.c **** 
 226:Drivers/STM32H7xx_HAL_Driver/Src/stm32h7xx_hal_i2c_ex.c ****     __HAL_I2C_ENABLE(hi2c);
 332              		.loc 1 226 5
 333 0052 7B68     		ldr	r3, [r7, #4]
 334 0054 1B68     		ldr	r3, [r3]
 335 0056 1A68     		ldr	r2, [r3]
 336 0058 7B68     		ldr	r3, [r7, #4]
 337 005a 1B68     		ldr	r3, [r3]
 338 005c 42F00102 		orr	r2, r2, #1
 339 0060 1A60     		str	r2, [r3]
 227:Drivers/STM32H7xx_HAL_Driver/Src/stm32h7xx_hal_i2c_ex.c **** 
 228:Drivers/STM32H7xx_HAL_Driver/Src/stm32h7xx_hal_i2c_ex.c ****     hi2c->State = HAL_I2C_STATE_READY;
 340              		.loc 1 228 17
 341 0062 7B68     		ldr	r3, [r7, #4]
 342 0064 2022     		movs	r2, #32
 343 0066 83F84120 		strb	r2, [r3, #65]
 229:Drivers/STM32H7xx_HAL_Driver/Src/stm32h7xx_hal_i2c_ex.c **** 
 230:Drivers/STM32H7xx_HAL_Driver/Src/stm32h7xx_hal_i2c_ex.c ****     /* Process Unlocked */
 231:Drivers/STM32H7xx_HAL_Driver/Src/stm32h7xx_hal_i2c_ex.c ****     __HAL_UNLOCK(hi2c);
 344              		.loc 1 231 5
ARM GAS  /var/folders/g1/j12m_ky910s3_sv7d4yrsdn00000gn/T//cc60imZ8.s 			page 11


 345 006a 7B68     		ldr	r3, [r7, #4]
 346 006c 0022     		movs	r2, #0
 347 006e 83F84020 		strb	r2, [r3, #64]
 232:Drivers/STM32H7xx_HAL_Driver/Src/stm32h7xx_hal_i2c_ex.c **** 
 233:Drivers/STM32H7xx_HAL_Driver/Src/stm32h7xx_hal_i2c_ex.c ****     return HAL_OK;
 348              		.loc 1 233 12
 349 0072 0023     		movs	r3, #0
 350 0074 00E0     		b	.L12
 351              	.L10:
 234:Drivers/STM32H7xx_HAL_Driver/Src/stm32h7xx_hal_i2c_ex.c ****   }
 235:Drivers/STM32H7xx_HAL_Driver/Src/stm32h7xx_hal_i2c_ex.c ****   else
 236:Drivers/STM32H7xx_HAL_Driver/Src/stm32h7xx_hal_i2c_ex.c ****   {
 237:Drivers/STM32H7xx_HAL_Driver/Src/stm32h7xx_hal_i2c_ex.c ****     return HAL_BUSY;
 352              		.loc 1 237 12
 353 0076 0223     		movs	r3, #2
 354              	.L12:
 238:Drivers/STM32H7xx_HAL_Driver/Src/stm32h7xx_hal_i2c_ex.c ****   }
 239:Drivers/STM32H7xx_HAL_Driver/Src/stm32h7xx_hal_i2c_ex.c **** }
 355              		.loc 1 239 1
 356 0078 1846     		mov	r0, r3
 357 007a 0C37     		adds	r7, r7, #12
 358              	.LCFI15:
 359              		.cfi_def_cfa_offset 4
 360 007c BD46     		mov	sp, r7
 361              	.LCFI16:
 362              		.cfi_def_cfa_register 13
 363              		@ sp needed
 364 007e 5DF8047B 		ldr	r7, [sp], #4
 365              	.LCFI17:
 366              		.cfi_restore 7
 367              		.cfi_def_cfa_offset 0
 368 0082 7047     		bx	lr
 369              		.cfi_endproc
 370              	.LFE146:
 372              		.section	.text.HAL_I2CEx_DisableWakeUp,"ax",%progbits
 373              		.align	1
 374              		.global	HAL_I2CEx_DisableWakeUp
 375              		.syntax unified
 376              		.thumb
 377              		.thumb_func
 379              	HAL_I2CEx_DisableWakeUp:
 380              	.LFB147:
 240:Drivers/STM32H7xx_HAL_Driver/Src/stm32h7xx_hal_i2c_ex.c **** 
 241:Drivers/STM32H7xx_HAL_Driver/Src/stm32h7xx_hal_i2c_ex.c **** /**
 242:Drivers/STM32H7xx_HAL_Driver/Src/stm32h7xx_hal_i2c_ex.c ****   * @brief  Disable I2C wakeup from Stop mode(s).
 243:Drivers/STM32H7xx_HAL_Driver/Src/stm32h7xx_hal_i2c_ex.c ****   * @param  hi2c Pointer to a I2C_HandleTypeDef structure that contains
 244:Drivers/STM32H7xx_HAL_Driver/Src/stm32h7xx_hal_i2c_ex.c ****   *                the configuration information for the specified I2Cx peripheral.
 245:Drivers/STM32H7xx_HAL_Driver/Src/stm32h7xx_hal_i2c_ex.c ****   * @retval HAL status
 246:Drivers/STM32H7xx_HAL_Driver/Src/stm32h7xx_hal_i2c_ex.c ****   */
 247:Drivers/STM32H7xx_HAL_Driver/Src/stm32h7xx_hal_i2c_ex.c **** HAL_StatusTypeDef HAL_I2CEx_DisableWakeUp(I2C_HandleTypeDef *hi2c)
 248:Drivers/STM32H7xx_HAL_Driver/Src/stm32h7xx_hal_i2c_ex.c **** {
 381              		.loc 1 248 1
 382              		.cfi_startproc
 383              		@ args = 0, pretend = 0, frame = 8
 384              		@ frame_needed = 1, uses_anonymous_args = 0
 385              		@ link register save eliminated.
 386 0000 80B4     		push	{r7}
ARM GAS  /var/folders/g1/j12m_ky910s3_sv7d4yrsdn00000gn/T//cc60imZ8.s 			page 12


 387              	.LCFI18:
 388              		.cfi_def_cfa_offset 4
 389              		.cfi_offset 7, -4
 390 0002 83B0     		sub	sp, sp, #12
 391              	.LCFI19:
 392              		.cfi_def_cfa_offset 16
 393 0004 00AF     		add	r7, sp, #0
 394              	.LCFI20:
 395              		.cfi_def_cfa_register 7
 396 0006 7860     		str	r0, [r7, #4]
 249:Drivers/STM32H7xx_HAL_Driver/Src/stm32h7xx_hal_i2c_ex.c ****   /* Check the parameters */
 250:Drivers/STM32H7xx_HAL_Driver/Src/stm32h7xx_hal_i2c_ex.c ****   assert_param(IS_I2C_WAKEUP_FROMSTOP_INSTANCE(hi2c->Instance));
 251:Drivers/STM32H7xx_HAL_Driver/Src/stm32h7xx_hal_i2c_ex.c **** 
 252:Drivers/STM32H7xx_HAL_Driver/Src/stm32h7xx_hal_i2c_ex.c ****   if (hi2c->State == HAL_I2C_STATE_READY)
 397              		.loc 1 252 11
 398 0008 7B68     		ldr	r3, [r7, #4]
 399 000a 93F84130 		ldrb	r3, [r3, #65]
 400 000e DBB2     		uxtb	r3, r3
 401              		.loc 1 252 6
 402 0010 202B     		cmp	r3, #32
 403 0012 30D1     		bne	.L14
 253:Drivers/STM32H7xx_HAL_Driver/Src/stm32h7xx_hal_i2c_ex.c ****   {
 254:Drivers/STM32H7xx_HAL_Driver/Src/stm32h7xx_hal_i2c_ex.c ****     /* Process Locked */
 255:Drivers/STM32H7xx_HAL_Driver/Src/stm32h7xx_hal_i2c_ex.c ****     __HAL_LOCK(hi2c);
 404              		.loc 1 255 5
 405 0014 7B68     		ldr	r3, [r7, #4]
 406 0016 93F84030 		ldrb	r3, [r3, #64]	@ zero_extendqisi2
 407 001a 012B     		cmp	r3, #1
 408 001c 01D1     		bne	.L15
 409              		.loc 1 255 5 is_stmt 0 discriminator 1
 410 001e 0223     		movs	r3, #2
 411              		.loc 1 255 5
 412 0020 2AE0     		b	.L16
 413              	.L15:
 414              		.loc 1 255 5 discriminator 2
 415 0022 7B68     		ldr	r3, [r7, #4]
 416 0024 0122     		movs	r2, #1
 417 0026 83F84020 		strb	r2, [r3, #64]
 256:Drivers/STM32H7xx_HAL_Driver/Src/stm32h7xx_hal_i2c_ex.c **** 
 257:Drivers/STM32H7xx_HAL_Driver/Src/stm32h7xx_hal_i2c_ex.c ****     hi2c->State = HAL_I2C_STATE_BUSY;
 418              		.loc 1 257 17 is_stmt 1
 419 002a 7B68     		ldr	r3, [r7, #4]
 420 002c 2422     		movs	r2, #36
 421 002e 83F84120 		strb	r2, [r3, #65]
 258:Drivers/STM32H7xx_HAL_Driver/Src/stm32h7xx_hal_i2c_ex.c **** 
 259:Drivers/STM32H7xx_HAL_Driver/Src/stm32h7xx_hal_i2c_ex.c ****     /* Disable the selected I2C peripheral */
 260:Drivers/STM32H7xx_HAL_Driver/Src/stm32h7xx_hal_i2c_ex.c ****     __HAL_I2C_DISABLE(hi2c);
 422              		.loc 1 260 5
 423 0032 7B68     		ldr	r3, [r7, #4]
 424 0034 1B68     		ldr	r3, [r3]
 425 0036 1A68     		ldr	r2, [r3]
 426 0038 7B68     		ldr	r3, [r7, #4]
 427 003a 1B68     		ldr	r3, [r3]
 428 003c 22F00102 		bic	r2, r2, #1
 429 0040 1A60     		str	r2, [r3]
 261:Drivers/STM32H7xx_HAL_Driver/Src/stm32h7xx_hal_i2c_ex.c **** 
 262:Drivers/STM32H7xx_HAL_Driver/Src/stm32h7xx_hal_i2c_ex.c ****     /* Enable wakeup from stop mode */
ARM GAS  /var/folders/g1/j12m_ky910s3_sv7d4yrsdn00000gn/T//cc60imZ8.s 			page 13


 263:Drivers/STM32H7xx_HAL_Driver/Src/stm32h7xx_hal_i2c_ex.c ****     hi2c->Instance->CR1 &= ~(I2C_CR1_WUPEN);
 430              		.loc 1 263 9
 431 0042 7B68     		ldr	r3, [r7, #4]
 432 0044 1B68     		ldr	r3, [r3]
 433              		.loc 1 263 19
 434 0046 1A68     		ldr	r2, [r3]
 435              		.loc 1 263 9
 436 0048 7B68     		ldr	r3, [r7, #4]
 437 004a 1B68     		ldr	r3, [r3]
 438              		.loc 1 263 25
 439 004c 22F48022 		bic	r2, r2, #262144
 440 0050 1A60     		str	r2, [r3]
 264:Drivers/STM32H7xx_HAL_Driver/Src/stm32h7xx_hal_i2c_ex.c **** 
 265:Drivers/STM32H7xx_HAL_Driver/Src/stm32h7xx_hal_i2c_ex.c ****     __HAL_I2C_ENABLE(hi2c);
 441              		.loc 1 265 5
 442 0052 7B68     		ldr	r3, [r7, #4]
 443 0054 1B68     		ldr	r3, [r3]
 444 0056 1A68     		ldr	r2, [r3]
 445 0058 7B68     		ldr	r3, [r7, #4]
 446 005a 1B68     		ldr	r3, [r3]
 447 005c 42F00102 		orr	r2, r2, #1
 448 0060 1A60     		str	r2, [r3]
 266:Drivers/STM32H7xx_HAL_Driver/Src/stm32h7xx_hal_i2c_ex.c **** 
 267:Drivers/STM32H7xx_HAL_Driver/Src/stm32h7xx_hal_i2c_ex.c ****     hi2c->State = HAL_I2C_STATE_READY;
 449              		.loc 1 267 17
 450 0062 7B68     		ldr	r3, [r7, #4]
 451 0064 2022     		movs	r2, #32
 452 0066 83F84120 		strb	r2, [r3, #65]
 268:Drivers/STM32H7xx_HAL_Driver/Src/stm32h7xx_hal_i2c_ex.c **** 
 269:Drivers/STM32H7xx_HAL_Driver/Src/stm32h7xx_hal_i2c_ex.c ****     /* Process Unlocked */
 270:Drivers/STM32H7xx_HAL_Driver/Src/stm32h7xx_hal_i2c_ex.c ****     __HAL_UNLOCK(hi2c);
 453              		.loc 1 270 5
 454 006a 7B68     		ldr	r3, [r7, #4]
 455 006c 0022     		movs	r2, #0
 456 006e 83F84020 		strb	r2, [r3, #64]
 271:Drivers/STM32H7xx_HAL_Driver/Src/stm32h7xx_hal_i2c_ex.c **** 
 272:Drivers/STM32H7xx_HAL_Driver/Src/stm32h7xx_hal_i2c_ex.c ****     return HAL_OK;
 457              		.loc 1 272 12
 458 0072 0023     		movs	r3, #0
 459 0074 00E0     		b	.L16
 460              	.L14:
 273:Drivers/STM32H7xx_HAL_Driver/Src/stm32h7xx_hal_i2c_ex.c ****   }
 274:Drivers/STM32H7xx_HAL_Driver/Src/stm32h7xx_hal_i2c_ex.c ****   else
 275:Drivers/STM32H7xx_HAL_Driver/Src/stm32h7xx_hal_i2c_ex.c ****   {
 276:Drivers/STM32H7xx_HAL_Driver/Src/stm32h7xx_hal_i2c_ex.c ****     return HAL_BUSY;
 461              		.loc 1 276 12
 462 0076 0223     		movs	r3, #2
 463              	.L16:
 277:Drivers/STM32H7xx_HAL_Driver/Src/stm32h7xx_hal_i2c_ex.c ****   }
 278:Drivers/STM32H7xx_HAL_Driver/Src/stm32h7xx_hal_i2c_ex.c **** }
 464              		.loc 1 278 1
 465 0078 1846     		mov	r0, r3
 466 007a 0C37     		adds	r7, r7, #12
 467              	.LCFI21:
 468              		.cfi_def_cfa_offset 4
 469 007c BD46     		mov	sp, r7
 470              	.LCFI22:
ARM GAS  /var/folders/g1/j12m_ky910s3_sv7d4yrsdn00000gn/T//cc60imZ8.s 			page 14


 471              		.cfi_def_cfa_register 13
 472              		@ sp needed
 473 007e 5DF8047B 		ldr	r7, [sp], #4
 474              	.LCFI23:
 475              		.cfi_restore 7
 476              		.cfi_def_cfa_offset 0
 477 0082 7047     		bx	lr
 478              		.cfi_endproc
 479              	.LFE147:
 481              		.section	.text.HAL_I2CEx_EnableFastModePlus,"ax",%progbits
 482              		.align	1
 483              		.global	HAL_I2CEx_EnableFastModePlus
 484              		.syntax unified
 485              		.thumb
 486              		.thumb_func
 488              	HAL_I2CEx_EnableFastModePlus:
 489              	.LFB148:
 279:Drivers/STM32H7xx_HAL_Driver/Src/stm32h7xx_hal_i2c_ex.c **** /**
 280:Drivers/STM32H7xx_HAL_Driver/Src/stm32h7xx_hal_i2c_ex.c ****   * @}
 281:Drivers/STM32H7xx_HAL_Driver/Src/stm32h7xx_hal_i2c_ex.c ****   */
 282:Drivers/STM32H7xx_HAL_Driver/Src/stm32h7xx_hal_i2c_ex.c **** 
 283:Drivers/STM32H7xx_HAL_Driver/Src/stm32h7xx_hal_i2c_ex.c **** /** @defgroup I2CEx_Exported_Functions_Group3 Fast Mode Plus Functions
 284:Drivers/STM32H7xx_HAL_Driver/Src/stm32h7xx_hal_i2c_ex.c ****   * @brief    Fast Mode Plus Functions
 285:Drivers/STM32H7xx_HAL_Driver/Src/stm32h7xx_hal_i2c_ex.c ****   *
 286:Drivers/STM32H7xx_HAL_Driver/Src/stm32h7xx_hal_i2c_ex.c **** @verbatim
 287:Drivers/STM32H7xx_HAL_Driver/Src/stm32h7xx_hal_i2c_ex.c ****  ===============================================================================
 288:Drivers/STM32H7xx_HAL_Driver/Src/stm32h7xx_hal_i2c_ex.c ****                       ##### Fast Mode Plus Functions #####
 289:Drivers/STM32H7xx_HAL_Driver/Src/stm32h7xx_hal_i2c_ex.c ****  ===============================================================================
 290:Drivers/STM32H7xx_HAL_Driver/Src/stm32h7xx_hal_i2c_ex.c ****     [..] This section provides functions allowing to:
 291:Drivers/STM32H7xx_HAL_Driver/Src/stm32h7xx_hal_i2c_ex.c ****       (+) Configure Fast Mode Plus
 292:Drivers/STM32H7xx_HAL_Driver/Src/stm32h7xx_hal_i2c_ex.c **** 
 293:Drivers/STM32H7xx_HAL_Driver/Src/stm32h7xx_hal_i2c_ex.c **** @endverbatim
 294:Drivers/STM32H7xx_HAL_Driver/Src/stm32h7xx_hal_i2c_ex.c ****   * @{
 295:Drivers/STM32H7xx_HAL_Driver/Src/stm32h7xx_hal_i2c_ex.c ****   */
 296:Drivers/STM32H7xx_HAL_Driver/Src/stm32h7xx_hal_i2c_ex.c **** 
 297:Drivers/STM32H7xx_HAL_Driver/Src/stm32h7xx_hal_i2c_ex.c **** /**
 298:Drivers/STM32H7xx_HAL_Driver/Src/stm32h7xx_hal_i2c_ex.c ****   * @brief Enable the I2C fast mode plus driving capability.
 299:Drivers/STM32H7xx_HAL_Driver/Src/stm32h7xx_hal_i2c_ex.c ****   * @param ConfigFastModePlus Selects the pin.
 300:Drivers/STM32H7xx_HAL_Driver/Src/stm32h7xx_hal_i2c_ex.c ****   *   This parameter can be one of the @ref I2CEx_FastModePlus values
 301:Drivers/STM32H7xx_HAL_Driver/Src/stm32h7xx_hal_i2c_ex.c ****   * @note  For I2C1, fast mode plus driving capability can be enabled on all selected
 302:Drivers/STM32H7xx_HAL_Driver/Src/stm32h7xx_hal_i2c_ex.c ****   *        I2C1 pins using I2C_FASTMODEPLUS_I2C1 parameter or independently
 303:Drivers/STM32H7xx_HAL_Driver/Src/stm32h7xx_hal_i2c_ex.c ****   *        on each one of the following pins PB6, PB7, PB8 and PB9.
 304:Drivers/STM32H7xx_HAL_Driver/Src/stm32h7xx_hal_i2c_ex.c ****   * @note  For remaining I2C1 pins (PA14, PA15...) fast mode plus driving capability
 305:Drivers/STM32H7xx_HAL_Driver/Src/stm32h7xx_hal_i2c_ex.c ****   *        can be enabled only by using I2C_FASTMODEPLUS_I2C1 parameter.
 306:Drivers/STM32H7xx_HAL_Driver/Src/stm32h7xx_hal_i2c_ex.c ****   * @note  For all I2C2 pins fast mode plus driving capability can be enabled
 307:Drivers/STM32H7xx_HAL_Driver/Src/stm32h7xx_hal_i2c_ex.c ****   *        only by using I2C_FASTMODEPLUS_I2C2 parameter.
 308:Drivers/STM32H7xx_HAL_Driver/Src/stm32h7xx_hal_i2c_ex.c ****   * @note  For all I2C3 pins fast mode plus driving capability can be enabled
 309:Drivers/STM32H7xx_HAL_Driver/Src/stm32h7xx_hal_i2c_ex.c ****   *        only by using I2C_FASTMODEPLUS_I2C3 parameter.
 310:Drivers/STM32H7xx_HAL_Driver/Src/stm32h7xx_hal_i2c_ex.c ****   * @note  For all I2C4 pins fast mode plus driving capability can be enabled
 311:Drivers/STM32H7xx_HAL_Driver/Src/stm32h7xx_hal_i2c_ex.c ****   *        only by using I2C_FASTMODEPLUS_I2C4 parameter.
 312:Drivers/STM32H7xx_HAL_Driver/Src/stm32h7xx_hal_i2c_ex.c ****   * @note  For all I2C5 pins fast mode plus driving capability can be enabled
 313:Drivers/STM32H7xx_HAL_Driver/Src/stm32h7xx_hal_i2c_ex.c ****   *        only by using I2C_FASTMODEPLUS_I2C5 parameter.
 314:Drivers/STM32H7xx_HAL_Driver/Src/stm32h7xx_hal_i2c_ex.c ****   * @retval None
 315:Drivers/STM32H7xx_HAL_Driver/Src/stm32h7xx_hal_i2c_ex.c ****   */
 316:Drivers/STM32H7xx_HAL_Driver/Src/stm32h7xx_hal_i2c_ex.c **** void HAL_I2CEx_EnableFastModePlus(uint32_t ConfigFastModePlus)
 317:Drivers/STM32H7xx_HAL_Driver/Src/stm32h7xx_hal_i2c_ex.c **** {
 490              		.loc 1 317 1
ARM GAS  /var/folders/g1/j12m_ky910s3_sv7d4yrsdn00000gn/T//cc60imZ8.s 			page 15


 491              		.cfi_startproc
 492              		@ args = 0, pretend = 0, frame = 16
 493              		@ frame_needed = 1, uses_anonymous_args = 0
 494              		@ link register save eliminated.
 495 0000 80B4     		push	{r7}
 496              	.LCFI24:
 497              		.cfi_def_cfa_offset 4
 498              		.cfi_offset 7, -4
 499 0002 85B0     		sub	sp, sp, #20
 500              	.LCFI25:
 501              		.cfi_def_cfa_offset 24
 502 0004 00AF     		add	r7, sp, #0
 503              	.LCFI26:
 504              		.cfi_def_cfa_register 7
 505 0006 7860     		str	r0, [r7, #4]
 506              	.LBB2:
 318:Drivers/STM32H7xx_HAL_Driver/Src/stm32h7xx_hal_i2c_ex.c ****   /* Check the parameter */
 319:Drivers/STM32H7xx_HAL_Driver/Src/stm32h7xx_hal_i2c_ex.c ****   assert_param(IS_I2C_FASTMODEPLUS(ConfigFastModePlus));
 320:Drivers/STM32H7xx_HAL_Driver/Src/stm32h7xx_hal_i2c_ex.c **** 
 321:Drivers/STM32H7xx_HAL_Driver/Src/stm32h7xx_hal_i2c_ex.c ****   /* Enable SYSCFG clock */
 322:Drivers/STM32H7xx_HAL_Driver/Src/stm32h7xx_hal_i2c_ex.c ****   __HAL_RCC_SYSCFG_CLK_ENABLE();
 507              		.loc 1 322 3
 508 0008 0D4B     		ldr	r3, .L18
 509 000a D3F8F430 		ldr	r3, [r3, #244]
 510 000e 0C4A     		ldr	r2, .L18
 511 0010 43F00203 		orr	r3, r3, #2
 512 0014 C2F8F430 		str	r3, [r2, #244]
 513 0018 094B     		ldr	r3, .L18
 514 001a D3F8F430 		ldr	r3, [r3, #244]
 515 001e 03F00203 		and	r3, r3, #2
 516 0022 FB60     		str	r3, [r7, #12]
 517 0024 FB68     		ldr	r3, [r7, #12]
 518              	.LBE2:
 323:Drivers/STM32H7xx_HAL_Driver/Src/stm32h7xx_hal_i2c_ex.c **** 
 324:Drivers/STM32H7xx_HAL_Driver/Src/stm32h7xx_hal_i2c_ex.c ****   /* Enable fast mode plus driving capability for selected pin */
 325:Drivers/STM32H7xx_HAL_Driver/Src/stm32h7xx_hal_i2c_ex.c ****   SET_BIT(SYSCFG->PMCR, (uint32_t)ConfigFastModePlus);
 519              		.loc 1 325 3
 520 0026 074B     		ldr	r3, .L18+4
 521 0028 5A68     		ldr	r2, [r3, #4]
 522 002a 0649     		ldr	r1, .L18+4
 523 002c 7B68     		ldr	r3, [r7, #4]
 524 002e 1343     		orrs	r3, r3, r2
 525 0030 4B60     		str	r3, [r1, #4]
 326:Drivers/STM32H7xx_HAL_Driver/Src/stm32h7xx_hal_i2c_ex.c **** }
 526              		.loc 1 326 1
 527 0032 00BF     		nop
 528 0034 1437     		adds	r7, r7, #20
 529              	.LCFI27:
 530              		.cfi_def_cfa_offset 4
 531 0036 BD46     		mov	sp, r7
 532              	.LCFI28:
 533              		.cfi_def_cfa_register 13
 534              		@ sp needed
 535 0038 5DF8047B 		ldr	r7, [sp], #4
 536              	.LCFI29:
 537              		.cfi_restore 7
 538              		.cfi_def_cfa_offset 0
ARM GAS  /var/folders/g1/j12m_ky910s3_sv7d4yrsdn00000gn/T//cc60imZ8.s 			page 16


 539 003c 7047     		bx	lr
 540              	.L19:
 541 003e 00BF     		.align	2
 542              	.L18:
 543 0040 00440258 		.word	1476543488
 544 0044 00040058 		.word	1476396032
 545              		.cfi_endproc
 546              	.LFE148:
 548              		.section	.text.HAL_I2CEx_DisableFastModePlus,"ax",%progbits
 549              		.align	1
 550              		.global	HAL_I2CEx_DisableFastModePlus
 551              		.syntax unified
 552              		.thumb
 553              		.thumb_func
 555              	HAL_I2CEx_DisableFastModePlus:
 556              	.LFB149:
 327:Drivers/STM32H7xx_HAL_Driver/Src/stm32h7xx_hal_i2c_ex.c **** 
 328:Drivers/STM32H7xx_HAL_Driver/Src/stm32h7xx_hal_i2c_ex.c **** /**
 329:Drivers/STM32H7xx_HAL_Driver/Src/stm32h7xx_hal_i2c_ex.c ****   * @brief Disable the I2C fast mode plus driving capability.
 330:Drivers/STM32H7xx_HAL_Driver/Src/stm32h7xx_hal_i2c_ex.c ****   * @param ConfigFastModePlus Selects the pin.
 331:Drivers/STM32H7xx_HAL_Driver/Src/stm32h7xx_hal_i2c_ex.c ****   *   This parameter can be one of the @ref I2CEx_FastModePlus values
 332:Drivers/STM32H7xx_HAL_Driver/Src/stm32h7xx_hal_i2c_ex.c ****   * @note  For I2C1, fast mode plus driving capability can be disabled on all selected
 333:Drivers/STM32H7xx_HAL_Driver/Src/stm32h7xx_hal_i2c_ex.c ****   *        I2C1 pins using I2C_FASTMODEPLUS_I2C1 parameter or independently
 334:Drivers/STM32H7xx_HAL_Driver/Src/stm32h7xx_hal_i2c_ex.c ****   *        on each one of the following pins PB6, PB7, PB8 and PB9.
 335:Drivers/STM32H7xx_HAL_Driver/Src/stm32h7xx_hal_i2c_ex.c ****   * @note  For remaining I2C1 pins (PA14, PA15...) fast mode plus driving capability
 336:Drivers/STM32H7xx_HAL_Driver/Src/stm32h7xx_hal_i2c_ex.c ****   *        can be disabled only by using I2C_FASTMODEPLUS_I2C1 parameter.
 337:Drivers/STM32H7xx_HAL_Driver/Src/stm32h7xx_hal_i2c_ex.c ****   * @note  For all I2C2 pins fast mode plus driving capability can be disabled
 338:Drivers/STM32H7xx_HAL_Driver/Src/stm32h7xx_hal_i2c_ex.c ****   *        only by using I2C_FASTMODEPLUS_I2C2 parameter.
 339:Drivers/STM32H7xx_HAL_Driver/Src/stm32h7xx_hal_i2c_ex.c ****   * @note  For all I2C3 pins fast mode plus driving capability can be disabled
 340:Drivers/STM32H7xx_HAL_Driver/Src/stm32h7xx_hal_i2c_ex.c ****   *        only by using I2C_FASTMODEPLUS_I2C3 parameter.
 341:Drivers/STM32H7xx_HAL_Driver/Src/stm32h7xx_hal_i2c_ex.c ****   * @note  For all I2C4 pins fast mode plus driving capability can be disabled
 342:Drivers/STM32H7xx_HAL_Driver/Src/stm32h7xx_hal_i2c_ex.c ****   *        only by using I2C_FASTMODEPLUS_I2C4 parameter.
 343:Drivers/STM32H7xx_HAL_Driver/Src/stm32h7xx_hal_i2c_ex.c ****   * @note  For all I2C5 pins fast mode plus driving capability can be disabled
 344:Drivers/STM32H7xx_HAL_Driver/Src/stm32h7xx_hal_i2c_ex.c ****   *        only by using I2C_FASTMODEPLUS_I2C5 parameter.
 345:Drivers/STM32H7xx_HAL_Driver/Src/stm32h7xx_hal_i2c_ex.c ****   * @retval None
 346:Drivers/STM32H7xx_HAL_Driver/Src/stm32h7xx_hal_i2c_ex.c ****   */
 347:Drivers/STM32H7xx_HAL_Driver/Src/stm32h7xx_hal_i2c_ex.c **** void HAL_I2CEx_DisableFastModePlus(uint32_t ConfigFastModePlus)
 348:Drivers/STM32H7xx_HAL_Driver/Src/stm32h7xx_hal_i2c_ex.c **** {
 557              		.loc 1 348 1
 558              		.cfi_startproc
 559              		@ args = 0, pretend = 0, frame = 16
 560              		@ frame_needed = 1, uses_anonymous_args = 0
 561              		@ link register save eliminated.
 562 0000 80B4     		push	{r7}
 563              	.LCFI30:
 564              		.cfi_def_cfa_offset 4
 565              		.cfi_offset 7, -4
 566 0002 85B0     		sub	sp, sp, #20
 567              	.LCFI31:
 568              		.cfi_def_cfa_offset 24
 569 0004 00AF     		add	r7, sp, #0
 570              	.LCFI32:
 571              		.cfi_def_cfa_register 7
 572 0006 7860     		str	r0, [r7, #4]
 573              	.LBB3:
 349:Drivers/STM32H7xx_HAL_Driver/Src/stm32h7xx_hal_i2c_ex.c ****   /* Check the parameter */
 350:Drivers/STM32H7xx_HAL_Driver/Src/stm32h7xx_hal_i2c_ex.c ****   assert_param(IS_I2C_FASTMODEPLUS(ConfigFastModePlus));
ARM GAS  /var/folders/g1/j12m_ky910s3_sv7d4yrsdn00000gn/T//cc60imZ8.s 			page 17


 351:Drivers/STM32H7xx_HAL_Driver/Src/stm32h7xx_hal_i2c_ex.c **** 
 352:Drivers/STM32H7xx_HAL_Driver/Src/stm32h7xx_hal_i2c_ex.c ****   /* Enable SYSCFG clock */
 353:Drivers/STM32H7xx_HAL_Driver/Src/stm32h7xx_hal_i2c_ex.c ****   __HAL_RCC_SYSCFG_CLK_ENABLE();
 574              		.loc 1 353 3
 575 0008 0D4B     		ldr	r3, .L21
 576 000a D3F8F430 		ldr	r3, [r3, #244]
 577 000e 0C4A     		ldr	r2, .L21
 578 0010 43F00203 		orr	r3, r3, #2
 579 0014 C2F8F430 		str	r3, [r2, #244]
 580 0018 094B     		ldr	r3, .L21
 581 001a D3F8F430 		ldr	r3, [r3, #244]
 582 001e 03F00203 		and	r3, r3, #2
 583 0022 FB60     		str	r3, [r7, #12]
 584 0024 FB68     		ldr	r3, [r7, #12]
 585              	.LBE3:
 354:Drivers/STM32H7xx_HAL_Driver/Src/stm32h7xx_hal_i2c_ex.c **** 
 355:Drivers/STM32H7xx_HAL_Driver/Src/stm32h7xx_hal_i2c_ex.c ****   /* Disable fast mode plus driving capability for selected pin */
 356:Drivers/STM32H7xx_HAL_Driver/Src/stm32h7xx_hal_i2c_ex.c ****   CLEAR_BIT(SYSCFG->PMCR, (uint32_t)ConfigFastModePlus);
 586              		.loc 1 356 3
 587 0026 074B     		ldr	r3, .L21+4
 588 0028 5A68     		ldr	r2, [r3, #4]
 589 002a 7B68     		ldr	r3, [r7, #4]
 590 002c DB43     		mvns	r3, r3
 591 002e 0549     		ldr	r1, .L21+4
 592 0030 1340     		ands	r3, r3, r2
 593 0032 4B60     		str	r3, [r1, #4]
 357:Drivers/STM32H7xx_HAL_Driver/Src/stm32h7xx_hal_i2c_ex.c **** }
 594              		.loc 1 357 1
 595 0034 00BF     		nop
 596 0036 1437     		adds	r7, r7, #20
 597              	.LCFI33:
 598              		.cfi_def_cfa_offset 4
 599 0038 BD46     		mov	sp, r7
 600              	.LCFI34:
 601              		.cfi_def_cfa_register 13
 602              		@ sp needed
 603 003a 5DF8047B 		ldr	r7, [sp], #4
 604              	.LCFI35:
 605              		.cfi_restore 7
 606              		.cfi_def_cfa_offset 0
 607 003e 7047     		bx	lr
 608              	.L22:
 609              		.align	2
 610              	.L21:
 611 0040 00440258 		.word	1476543488
 612 0044 00040058 		.word	1476396032
 613              		.cfi_endproc
 614              	.LFE149:
 616              		.text
 617              	.Letext0:
 618              		.file 2 "/Users/zhy/Tools/xpack-arm-none-eabi-gcc-14.2.1-1.1/arm-none-eabi/include/machine/_defaul
 619              		.file 3 "/Users/zhy/Tools/xpack-arm-none-eabi-gcc-14.2.1-1.1/arm-none-eabi/include/sys/_stdint.h"
 620              		.file 4 "Drivers/CMSIS/Device/ST/STM32H7xx/Include/stm32h743xx.h"
 621              		.file 5 "Drivers/STM32H7xx_HAL_Driver/Inc/stm32h7xx_hal_def.h"
 622              		.file 6 "Drivers/STM32H7xx_HAL_Driver/Inc/stm32h7xx_hal_dma.h"
 623              		.file 7 "Drivers/STM32H7xx_HAL_Driver/Inc/stm32h7xx_hal_i2c.h"
ARM GAS  /var/folders/g1/j12m_ky910s3_sv7d4yrsdn00000gn/T//cc60imZ8.s 			page 18


DEFINED SYMBOLS
                            *ABS*:00000000 stm32h7xx_hal_i2c_ex.c
/var/folders/g1/j12m_ky910s3_sv7d4yrsdn00000gn/T//cc60imZ8.s:20     .text.HAL_I2CEx_ConfigAnalogFilter:00000000 $t
/var/folders/g1/j12m_ky910s3_sv7d4yrsdn00000gn/T//cc60imZ8.s:26     .text.HAL_I2CEx_ConfigAnalogFilter:00000000 HAL_I2CEx_ConfigAnalogFilter
/var/folders/g1/j12m_ky910s3_sv7d4yrsdn00000gn/T//cc60imZ8.s:142    .text.HAL_I2CEx_ConfigDigitalFilter:00000000 $t
/var/folders/g1/j12m_ky910s3_sv7d4yrsdn00000gn/T//cc60imZ8.s:148    .text.HAL_I2CEx_ConfigDigitalFilter:00000000 HAL_I2CEx_ConfigDigitalFilter
/var/folders/g1/j12m_ky910s3_sv7d4yrsdn00000gn/T//cc60imZ8.s:264    .text.HAL_I2CEx_EnableWakeUp:00000000 $t
/var/folders/g1/j12m_ky910s3_sv7d4yrsdn00000gn/T//cc60imZ8.s:270    .text.HAL_I2CEx_EnableWakeUp:00000000 HAL_I2CEx_EnableWakeUp
/var/folders/g1/j12m_ky910s3_sv7d4yrsdn00000gn/T//cc60imZ8.s:373    .text.HAL_I2CEx_DisableWakeUp:00000000 $t
/var/folders/g1/j12m_ky910s3_sv7d4yrsdn00000gn/T//cc60imZ8.s:379    .text.HAL_I2CEx_DisableWakeUp:00000000 HAL_I2CEx_DisableWakeUp
/var/folders/g1/j12m_ky910s3_sv7d4yrsdn00000gn/T//cc60imZ8.s:482    .text.HAL_I2CEx_EnableFastModePlus:00000000 $t
/var/folders/g1/j12m_ky910s3_sv7d4yrsdn00000gn/T//cc60imZ8.s:488    .text.HAL_I2CEx_EnableFastModePlus:00000000 HAL_I2CEx_EnableFastModePlus
/var/folders/g1/j12m_ky910s3_sv7d4yrsdn00000gn/T//cc60imZ8.s:543    .text.HAL_I2CEx_EnableFastModePlus:00000040 $d
/var/folders/g1/j12m_ky910s3_sv7d4yrsdn00000gn/T//cc60imZ8.s:549    .text.HAL_I2CEx_DisableFastModePlus:00000000 $t
/var/folders/g1/j12m_ky910s3_sv7d4yrsdn00000gn/T//cc60imZ8.s:555    .text.HAL_I2CEx_DisableFastModePlus:00000000 HAL_I2CEx_DisableFastModePlus
/var/folders/g1/j12m_ky910s3_sv7d4yrsdn00000gn/T//cc60imZ8.s:611    .text.HAL_I2CEx_DisableFastModePlus:00000040 $d

NO UNDEFINED SYMBOLS
